#
# A fatal error has been detected by the Java Runtime Environment:
#
#  SIGSEGV (0xb) at pc=0x00007f24c93663e0, pid=8540, tid=8557
#
# JRE version: Java(TM) SE Runtime Environment (20.0+36) (build 20+36-2344)
# Java VM: Java HotSpot(TM) 64-Bit Server VM (20+36-2344, mixed mode, sharing, tiered, compressed oops, compressed class ptrs, g1 gc, linux-amd64)
# Problematic frame:
# V  [libjvm.so+0x5663e0]  PhaseChaitin::Simplify()+0x310
#
# Core dump will be written. Default location: Core dumps may be processed with "/usr/share/apport/apport -p%p -s%s -c%c -d%d -P%P -u%u -g%g -- %E" (or dumping to /home/prakhar/dev-spring-boot/01-spring-boot-overview/mycoolapp/core.8540)
#
# If you would like to submit a bug report, please visit:
#   https://bugreport.java.com/bugreport/crash.jsp
#

---------------  S U M M A R Y ------------

Command Line: -javaagent:/snap/intellij-idea-community/427/lib/idea_rt.jar=40925:/snap/intellij-idea-community/427/bin -Dfile.encoding=UTF-8 -Dsun.stdout.encoding=UTF-8 -Dsun.stderr.encoding=UTF-8 com.luv2code.springboot.demo.mycoolapp.MycoolappApplication

Host: Intel(R) Core(TM) i5-8250U CPU @ 1.60GHz, 8 cores, 15G, Ubuntu 22.04.2 LTS
Time: Sun Apr 16 02:17:18 2023 IST elapsed time: 10441.395050 seconds (0d 2h 54m 1s)

---------------  T H R E A D  ---------------

Current thread (0x00007f24c41762a0):  JavaThread "C2 CompilerThread0" daemon [_thread_in_native, id=8557, stack(0x00007f24a4000000,0x00007f24a4100000)]


Current CompileTask:
C2:10441395 5289       4       org.springframework.util.ReflectionUtils::findMethod (109 bytes)

Stack: [0x00007f24a4000000,0x00007f24a4100000],  sp=0x00007f24a40fb140,  free space=1004k
Native frames: (J=compiled Java code, j=interpreted, Vv=VM code, C=native code)
V  [libjvm.so+0x5663e0]  PhaseChaitin::Simplify()+0x310
V  [libjvm.so+0x569f4c]  PhaseChaitin::Register_Allocate()+0x95c
V  [libjvm.so+0x605f26]  Compile::Code_Gen()+0x326
V  [libjvm.so+0x609f2d]  Compile::Compile(ciEnv*, ciMethod*, int, Options, DirectiveSet*)+0x139d
V  [libjvm.so+0x53c580]  C2Compiler::compile_method(ciEnv*, ciMethod*, int, bool, DirectiveSet*)+0x120
V  [libjvm.so+0x61094f]  CompileBroker::invoke_compiler_on_method(CompileTask*)+0xa6f
V  [libjvm.so+0x6117d8]  CompileBroker::compiler_thread_loop()+0x558
V  [libjvm.so+0x8bfdf8]  JavaThread::thread_main_inner() [clone .part.0]+0xb8
V  [libjvm.so+0xe59536]  Thread::call_run()+0xa6
V  [libjvm.so+0xc895c8]  thread_native_entry(Thread*)+0xd8

siginfo: si_signo: 11 (SIGSEGV), si_code: 2 (SEGV_ACCERR), si_addr: 0x00007f246d751640

Registers:
RAX=0x00000000004506d8, RBX=0x00007f24a40fb600, RCX=0x00007f24a40fb2e0, RDX=0x000000000000692f
RSP=0x00007f24a40fb140, RBP=0x00007f24a40fb1f0, RSI=0x00007f246d300f40, RDI=0x00007f24a40fb2e0
R8 =0x0000000000000002, R9 =0x0000000000000002, R10=0x0000000000000000, R11=0x00007f246caa1474
R12=0x00007f24a40fb170, R13=0x00007f24a40fb140, R14=0x000000000000692f, R15=0x00007f24a40fb380
RIP=0x00007f24c93663e0, EFLAGS=0x0000000000010206, CSGSFS=0x002b000000000033, ERR=0x0000000000000004
  TRAPNO=0x000000000000000e


Register to memory mapping:

RAX=0x00000000004506d8 is an unknown value
RBX=0x00007f24a40fb600 is pointing into the stack for thread: 0x00007f24c41762a0
RCX=0x00007f24a40fb2e0 is pointing into the stack for thread: 0x00007f24c41762a0
RDX=0x000000000000692f is an unknown value
RSP=0x00007f24a40fb140 is pointing into the stack for thread: 0x00007f24c41762a0
RBP=0x00007f24a40fb1f0 is pointing into the stack for thread: 0x00007f24c41762a0
RSI=0x00007f246d300f40 points into unknown readable memory: 0x0000000000000000 | 00 00 00 00 00 00 00 00
RDI=0x00007f24a40fb2e0 is pointing into the stack for thread: 0x00007f24c41762a0
R8 =0x0000000000000002 is an unknown value
R9 =0x0000000000000002 is an unknown value
R10=0x0 is NULL
R11=0x00007f246caa1474 points into unknown readable memory: cd 16 00 00
R12=0x00007f24a40fb170 is pointing into the stack for thread: 0x00007f24c41762a0
R13=0x00007f24a40fb140 is pointing into the stack for thread: 0x00007f24c41762a0
R14=0x000000000000692f is an unknown value
R15=0x00007f24a40fb380 is pointing into the stack for thread: 0x00007f24c41762a0


Top of Stack: (sp=0x00007f24a40fb140)
0x00007f24a40fb140:   0000000000000000 00000004000012fc
0x00007f24a40fb150:   0000001300000013 00007f24048ac0e0
0x00007f24a40fb160:   00007f2468ab3738 00007f246d1bc060
0x00007f24a40fb170:   00007f24a40f0000 0000000000000000
0x00007f24a40fb180:   0000000000000000 0000000000000000
0x00007f24a40fb190:   00007f24a40fb1d0 00007f24c9d78216
0x00007f24a40fb1a0:   0000000000000000 0000000000000000
0x00007f24a40fb1b0:   0000000000000000 00007f24c9d78216
0x00007f24a40fb1c0:   0000000000000000 00007f24c9d78206
0x00007f24a40fb1d0:   00007f24a40fb600 00007f24a40fb2b0
0x00007f24a40fb1e0:   00007f24a40fb3f0 00007f24a40fb2b0
0x00007f24a40fb1f0:   00007f24a40fb4e0 00007f24c9369f4c
0x00007f24a40fb200:   0000000000000000 00007f24ca14cc50
0x00007f24a40fb210:   00007f24ca14cb90 00007f2468955fd0
0x00007f24a40fb220:   00007f24a40fb280 00007f24a40fb2e0
0x00007f24a40fb230:   00007f24a40fb320 00007f2468955fe0
0x00007f24a40fb240:   00007f2468955fd0 00007f2468955fe0
0x00007f24a40fb250:   00007f24a40fb2b0 00007f2468955fd0
0x00007f24a40fb260:   00007f2468955fe0 00007f24689563b8
0x00007f24a40fb270:   00000000000003d8 0000023c00000832
0x00007f24a40fb280:   0000000000000007 00007f2468000ec0
0x00007f24a40fb290:   00007f2468000ec0 00007f2468000ed0
0x00007f24a40fb2a0:   00007f24680012a8 00000000000003d8
0x00007f24a40fb2b0:   00007f2400000007 00007f2468955fd0
0x00007f24a40fb2c0:   00007f246cab3940 00007f246cab6448
0x00007f24a40fb2d0:   00007f246cabb928 00000000004c2ed8
0x00007f24a40fb2e0:   00007f240000000c 00007f24a40fdb40
0x00007f24a40fb2f0:   00007f246d14b900 00007f24a40fb401
0x00007f24a40fb300:   00007f246d300f40 00007f24000016d0
0x00007f24a40fb310:   00007f24a40fb2b0 00007f2468955fe0
0x00007f24a40fb320:   00007f24ca020000 0000000000000000
0x00007f24a40fb330:   00007f24a40fdb40 00007f24a40fb600 

Instructions: (pc=0x00007f24c93663e0)
0x00007f24c93662e0:   ff ff f2 41 0f 58 c2 e9 34 ff ff ff 0f 1f 40 00
0x00007f24c93662f0:   66 0f 2e cd 0f 8a 68 ff ff ff 0f 85 62 ff ff ff
0x00007f24c9366300:   44 89 c9 83 f1 01 20 d1 0f 85 7a 02 00 00 44 38
0x00007f24c9366310:   ca 0f 85 4b ff ff ff 66 0f 2f fa 0f 86 41 ff ff
0x00007f24c9366320:   ff 66 0f 28 fa 66 0f 28 e9 66 0f 28 e0 41 89 f0
0x00007f24c9366330:   8b 70 28 85 f6 0f 85 32 ff ff ff 0f 1f 44 00 00
0x00007f24c9366340:   44 89 c0 44 89 c6 48 8d 14 80 48 8d 14 90 48 c1
0x00007f24c9366350:   e2 03 48 8d 04 17 44 8b 40 2c 8b 48 28 45 85 c0
0x00007f24c9366360:   0f 84 62 02 00 00 45 89 c1 4f 8d 14 89 4f 8d 0c
0x00007f24c9366370:   91 42 89 4c cf 28 4c 8b 53 70 48 8d 3c 89 48 8d
0x00007f24c9366380:   0c b9 49 8b 7a 20 48 8d 0c cf 44 89 41 2c 48 8b
0x00007f24c9366390:   4b 70 48 8b 49 20 80 8c 11 a7 00 00 00 80 89 b3
0x00007f24c93663a0:   b8 00 00 00 c7 40 28 00 00 00 00 48 83 bb b8 00
0x00007f24c93663b0:   00 00 00 0f 84 65 fd ff ff 48 8b 4b 70 44 8b b3
0x00007f24c93663c0:   b8 00 00 00 48 8b 71 20 45 85 f6 0f 84 cf 01 00
0x00007f24c93663d0:   00 44 89 f2 48 8d 04 92 48 8d 04 82 48 c1 e0 03
0x00007f24c93663e0:   8b 74 06 28 89 b3 b8 00 00 00 48 8b 49 20 8b b3
0x00007f24c93663f0:   c4 00 00 00 89 74 01 28 48 8b 7b 70 44 89 b3 c4
0x00007f24c9366400:   00 00 00 48 8b 4f 20 80 bc 01 a7 00 00 00 00 0f
0x00007f24c9366410:   88 c3 01 00 00 44 89 f6 e8 e3 8b 30 00 66 0f ef
0x00007f24c9366420:   f6 44 8b 10 45 85 d2 0f 84 e3 fc ff ff 48 8b 15
0x00007f24c9366430:   ac 45 aa 00 48 c7 85 50 ff ff ff 00 00 00 00 c7
0x00007f24c9366440:   85 60 ff ff ff 00 00 00 00 48 89 95 58 ff ff ff
0x00007f24c9366450:   8b 10 85 d2 74 03 8b 50 04 89 95 64 ff ff ff 4c
0x00007f24c9366460:   8d ad 50 ff ff ff 48 c7 85 68 ff ff ff 00 00 00
0x00007f24c9366470:   00 48 8b 50 08 48 89 85 78 ff ff ff 31 c0 48 89
0x00007f24c9366480:   95 70 ff ff ff eb 65 66 0f 1f 84 00 00 00 00 00
0x00007f24c9366490:   31 c9 f3 48 0f bc c8 48 d3 e8 03 8d 58 ff ff ff
0x00007f24c93664a0:   48 83 e8 01 89 8d 58 ff ff ff 48 89 85 50 ff ff
0x00007f24c93664b0:   ff 85 c9 0f 84 57 fc ff ff 48 8b 73 70 89 c8 48
0x00007f24c93664c0:   8d 14 80 48 8b 7e 20 48 8d 04 90 48 8d 04 c7 44
0x00007f24c93664d0:   0f b7 80 9c 00 00 00 8b 90 98 00 00 00 44 29 c2 


Stack slot to memory mapping:
stack at sp + 0 slots: 0x0 is NULL
stack at sp + 1 slots: 0x00000004000012fc is an unknown value
stack at sp + 2 slots: 0x0000001300000013 is an unknown value
stack at sp + 3 slots: 0x00007f24048ac0e0 points into unknown readable memory: 0x0000000000000000 | 00 00 00 00 00 00 00 00
stack at sp + 4 slots: 0x00007f2468ab3738 points into unknown readable memory: 0x00007f240438bdc0 | c0 bd 38 04 24 7f 00 00
stack at sp + 5 slots: 0x00007f246d1bc060 points into unknown readable memory: 0x0000001300000006 | 06 00 00 00 13 00 00 00
stack at sp + 6 slots: 0x00007f24a40f0000 is pointing into the stack for thread: 0x00007f24c41762a0
stack at sp + 7 slots: 0x0 is NULL


---------------  P R O C E S S  ---------------

Threads class SMR info:
_java_thread_list=0x00007f23f418e430, length=31, elements={
0x00007f24c416f080, 0x00007f24c41705b0, 0x00007f24c4171f70, 0x00007f24c4173400,
0x00007f24c4174880, 0x00007f24c41762a0, 0x00007f24c4177840, 0x00007f24c4198980,
0x00007f24c434cee0, 0x00007f24c434dec0, 0x00007f2480000ff0, 0x00007f244ca43d90,
0x00007f24c402bbd0, 0x00007f246c70a600, 0x00007f24683206b0, 0x00007f23f40ad760,
0x00007f23f40ae020, 0x00007f23f40aea00, 0x00007f23f4168ee0, 0x00007f23f41818c0,
0x00007f23f4182370, 0x00007f23f4182ef0, 0x00007f23f4183e60, 0x00007f23f4184d10,
0x00007f23f4185bc0, 0x00007f23f4186a60, 0x00007f23f41879f0, 0x00007f23f4188990,
0x00007f23f4189930, 0x00007f23f418d6e0, 0x00007f23f418e480
}

Java Threads: ( => current thread )
  0x00007f24c416f080 JavaThread "Reference Handler" daemon [_thread_blocked, id=8552, stack(0x00007f24a4500000,0x00007f24a4600000)]
  0x00007f24c41705b0 JavaThread "Finalizer" daemon [_thread_blocked, id=8553, stack(0x00007f24a4400000,0x00007f24a4500000)]
  0x00007f24c4171f70 JavaThread "Signal Dispatcher" daemon [_thread_blocked, id=8554, stack(0x00007f24a4300000,0x00007f24a4400000)]
  0x00007f24c4173400 JavaThread "Service Thread" daemon [_thread_blocked, id=8555, stack(0x00007f24a4200000,0x00007f24a4300000)]
  0x00007f24c4174880 JavaThread "Monitor Deflation Thread" daemon [_thread_blocked, id=8556, stack(0x00007f24a4100000,0x00007f24a4200000)]
=>0x00007f24c41762a0 JavaThread "C2 CompilerThread0" daemon [_thread_in_native, id=8557, stack(0x00007f24a4000000,0x00007f24a4100000)]
  0x00007f24c4177840 JavaThread "C1 CompilerThread0" daemon [_thread_blocked, id=8558, stack(0x00007f2473f00000,0x00007f2474000000)]
  0x00007f24c4198980 JavaThread "Common-Cleaner" daemon [_thread_blocked, id=8559, stack(0x00007f2473e00000,0x00007f2473f00000)]
  0x00007f24c434cee0 JavaThread "Monitor Ctrl-Break" daemon [_thread_in_native, id=8563, stack(0x00007f2473d00000,0x00007f2473e00000)]
  0x00007f24c434dec0 JavaThread "Notification Thread" daemon [_thread_blocked, id=8564, stack(0x00007f2473c00000,0x00007f2473d00000)]
  0x00007f2480000ff0 JavaThread "Attach Listener" daemon [_thread_blocked, id=8586, stack(0x00007f24730f4000,0x00007f24731f4000)]
  0x00007f244ca43d90 JavaThread "Live Reload Server" daemon [_thread_in_native, id=8628, stack(0x00007f2472749000,0x00007f2472849000)]
  0x00007f24c402bbd0 JavaThread "DestroyJavaVM" [_thread_blocked, id=8542, stack(0x00007f24c8d00000,0x00007f24c8e00000)]
  0x00007f246c70a600 JavaThread "C2 CompilerThread1" daemon [_thread_in_native, id=16658, stack(0x00007f2472149000,0x00007f2472249000)]
  0x00007f24683206b0 JavaThread "C2 CompilerThread2" daemon [_thread_in_native, id=16659, stack(0x00007f2472649000,0x00007f2472749000)]
  0x00007f23f40ad760 JavaThread "Catalina-utility-1" [_thread_blocked, id=16661, stack(0x00007f2471c49000,0x00007f2471d49000)]
  0x00007f23f40ae020 JavaThread "Catalina-utility-2" [_thread_blocked, id=16662, stack(0x00007f2472a49000,0x00007f2472b49000)]
  0x00007f23f40aea00 JavaThread "container-0" [_thread_blocked, id=16663, stack(0x00007f24737fe000,0x00007f24738fe000)]
  0x00007f23f4168ee0 JavaThread "File Watcher" daemon [_thread_blocked, id=16664, stack(0x00007f2472249000,0x00007f2472349000)]
  0x00007f23f41818c0 JavaThread "http-nio-8080-exec-1" daemon [_thread_blocked, id=16665, stack(0x00007f2472549000,0x00007f2472649000)]
  0x00007f23f4182370 JavaThread "http-nio-8080-exec-2" daemon [_thread_blocked, id=16666, stack(0x00007f2472949000,0x00007f2472a49000)]
  0x00007f23f4182ef0 JavaThread "http-nio-8080-exec-3" daemon [_thread_blocked, id=16667, stack(0x00007f2471d49000,0x00007f2471e49000)]
  0x00007f23f4183e60 JavaThread "http-nio-8080-exec-4" daemon [_thread_blocked, id=16668, stack(0x00007f2472449000,0x00007f2472549000)]
  0x00007f23f4184d10 JavaThread "http-nio-8080-exec-5" daemon [_thread_blocked, id=16669, stack(0x00007f24736fe000,0x00007f24737fe000)]
  0x00007f23f4185bc0 JavaThread "http-nio-8080-exec-6" daemon [_thread_blocked, id=16670, stack(0x00007f2471e49000,0x00007f2471f49000)]
  0x00007f23f4186a60 JavaThread "http-nio-8080-exec-7" daemon [_thread_blocked, id=16671, stack(0x00007f2472ff4000,0x00007f24730f4000)]
  0x00007f23f41879f0 JavaThread "http-nio-8080-exec-8" daemon [_thread_blocked, id=16672, stack(0x00007f24739fe000,0x00007f2473afe000)]
  0x00007f23f4188990 JavaThread "http-nio-8080-exec-9" daemon [_thread_blocked, id=16673, stack(0x00007f24738fe000,0x00007f24739fe000)]
  0x00007f23f4189930 JavaThread "http-nio-8080-exec-10" daemon [_thread_blocked, id=16674, stack(0x00007f2471f49000,0x00007f2472049000)]
  0x00007f23f418d6e0 JavaThread "http-nio-8080-Poller" daemon [_thread_in_native, id=16675, stack(0x00007f2472cf0000,0x00007f2472df0000)]
  0x00007f23f418e480 JavaThread "http-nio-8080-Acceptor" daemon [_thread_in_native, id=16676, stack(0x00007f2472849000,0x00007f2472949000)]

Other Threads:
  0x00007f24c41620b0 VMThread "VM Thread" [stack: 0x00007f24a4ba0000,0x00007f24a4ca0000] [id=8551]
  0x00007f24c434fda0 WatcherThread "VM Periodic Task Thread" [stack: 0x00007f2473b00000,0x00007f2473c00000] [id=8565]
  0x00007f24c4099d20 WorkerThread "GC Thread#0" [stack: 0x00007f24c81a1000,0x00007f24c82a1000] [id=8546]
  0x00007f2484007c30 WorkerThread "GC Thread#1" [stack: 0x00007f24735fe000,0x00007f24736fe000] [id=8573]
  0x00007f2484008670 WorkerThread "GC Thread#2" [stack: 0x00007f24734fc000,0x00007f24735fc000] [id=8574]
  0x00007f24840090b0 WorkerThread "GC Thread#3" [stack: 0x00007f24733fa000,0x00007f24734fa000] [id=8575]
  0x00007f2484009af0 WorkerThread "GC Thread#4" [stack: 0x00007f24732f8000,0x00007f24733f8000] [id=8576]
  0x00007f248400a530 WorkerThread "GC Thread#5" [stack: 0x00007f24731f6000,0x00007f24732f6000] [id=8577]
  0x00007f2484013d40 WorkerThread "GC Thread#6" [stack: 0x00007f2472ef4000,0x00007f2472ff4000] [id=8596]
  0x00007f2484014320 WorkerThread "GC Thread#7" [stack: 0x00007f2472df2000,0x00007f2472ef2000] [id=8597]
  0x00007f24c40aabc0 ConcurrentGCThread "G1 Main Marker" [stack: 0x00007f24c809f000,0x00007f24c819f000] [id=8547]
  0x00007f24c40abae0 WorkerThread "G1 Conc#0" [stack: 0x00007f24a777e000,0x00007f24a787e000] [id=8548]
  0x00007f2498000d90 WorkerThread "G1 Conc#1" [stack: 0x00007f2472b4b000,0x00007f2472c4b000] [id=8600]
  0x00007f24c4137e60 ConcurrentGCThread "G1 Refine#0" [stack: 0x00007f24a4e74000,0x00007f24a4f74000] [id=8549]
  0x00007f24c4138da0 ConcurrentGCThread "G1 Service" [stack: 0x00007f24a4d72000,0x00007f24a4e72000] [id=8550]

Threads with active compile tasks:
C2 CompilerThread0  10441408 5289       4       org.springframework.util.ReflectionUtils::findMethod (109 bytes)
C2 CompilerThread1  10441408 5288       4       org.springframework.core.annotation.TypeMappedAnnotations$MergedAnnotationFinder::doWithAnnotations (75 bytes)
C2 CompilerThread2  10441408 5215       4       org.springframework.core.annotation.AnnotationsScanner::process (55 bytes)

VM state: not at safepoint (normal execution)

VM Mutex/Monitor currently owned by a thread: None

Heap address: 0x0000000707400000, size: 3980 MB, Compressed Oops mode: Zero based, Oop shift amount: 3

CDS archive(s) mapped at: [0x0000000800000000-0x0000000800c73000-0x0000000800c73000), size 13053952, SharedBaseAddress: 0x0000000800000000, ArchiveRelocationMode: 0.
Compressed class space mapped at: 0x0000000801000000-0x0000000841000000, reserved size: 1073741824
Narrow klass base: 0x0000000800000000, Narrow klass shift: 0, Narrow klass range: 0x100000000

GC Precious Log:
 CardTable entry size: 512
 Card Set container configuration: InlinePtr #cards 4 size 8 Array Of Cards #cards 16 size 48 Howl #buckets 8 coarsen threshold 3686 Howl Bitmap #cards 512 size 80 coarsen threshold 460 Card regions per heap region 1 cards per card region 4096
 CPUs: 8 total, 8 available
 Memory: 15917M
 Large Page Support: Disabled
 NUMA Support: Disabled
 Compressed Oops: Enabled (Zero based)
 Heap Region Size: 2M
 Heap Min Capacity: 8M
 Heap Initial Capacity: 250M
 Heap Max Capacity: 3980M
 Pre-touch: Disabled
 Parallel Workers: 8
 Concurrent Workers: 2
 Concurrent Refinement Workers: 8
 Periodic GC: Disabled

Heap:
 garbage-first heap   total 55296K, used 36683K [0x0000000707400000, 0x0000000800000000)
  region size 2048K, 13 young (26624K), 0 survivors (0K)
 Metaspace       used 31084K, committed 31616K, reserved 1114112K
  class space    used 3691K, committed 3968K, reserved 1048576K

Heap Regions: E=young(eden), S=young(survivor), O=old, HS=humongous(starts), HC=humongous(continues), CS=collection set, F=free, OA=open archive, CA=closed archive, TAMS=top-at-mark-start, PB=parsable bottom
|   0|0x0000000707400000, 0x00000007075ffff0, 0x0000000707600000| 99%| O|  |TAMS 0x0000000707400000| PB 0x0000000707400000| Untracked 
|   1|0x0000000707600000, 0x00000007077fffd8, 0x0000000707800000| 99%| O|  |TAMS 0x0000000707600000| PB 0x0000000707600000| Untracked 
|   2|0x0000000707800000, 0x0000000707940640, 0x0000000707a00000| 62%| O|  |TAMS 0x0000000707800000| PB 0x0000000707800000| Untracked 
|   3|0x0000000707a00000, 0x0000000707c00000, 0x0000000707c00000|100%| O|  |TAMS 0x0000000707a00000| PB 0x0000000707a00000| Untracked 
|   4|0x0000000707c00000, 0x0000000707c00000, 0x0000000707e00000|  0%| F|  |TAMS 0x0000000707c00000| PB 0x0000000707c00000| Untracked 
|   5|0x0000000707e00000, 0x0000000707ffffd8, 0x0000000708000000| 99%| O|  |TAMS 0x0000000707e00000| PB 0x0000000707e00000| Untracked 
|   6|0x0000000708000000, 0x0000000708000000, 0x0000000708200000|  0%| F|  |TAMS 0x0000000708000000| PB 0x0000000708000000| Untracked 
|   7|0x0000000708200000, 0x0000000708297658, 0x0000000708400000| 29%| O|  |TAMS 0x0000000708200000| PB 0x0000000708200000| Untracked 
|   8|0x0000000708400000, 0x0000000708400000, 0x0000000708600000|  0%| F|  |TAMS 0x0000000708400000| PB 0x0000000708400000| Untracked 
|   9|0x0000000708600000, 0x0000000708600000, 0x0000000708800000|  0%| F|  |TAMS 0x0000000708600000| PB 0x0000000708600000| Untracked 
|  10|0x0000000708800000, 0x0000000708800000, 0x0000000708a00000|  0%| F|  |TAMS 0x0000000708800000| PB 0x0000000708800000| Untracked 
|  11|0x0000000708a00000, 0x0000000708a00000, 0x0000000708c00000|  0%| F|  |TAMS 0x0000000708a00000| PB 0x0000000708a00000| Untracked 
|  12|0x0000000708c00000, 0x0000000708c3a230, 0x0000000708e00000| 11%| E|  |TAMS 0x0000000708c00000| PB 0x0000000708c00000| Complete 
|  13|0x0000000708e00000, 0x0000000709000000, 0x0000000709000000|100%| E|CS|TAMS 0x0000000708e00000| PB 0x0000000708e00000| Complete 
|  14|0x0000000709000000, 0x0000000709200000, 0x0000000709200000|100%| E|CS|TAMS 0x0000000709000000| PB 0x0000000709000000| Complete 
|  15|0x0000000709200000, 0x0000000709400000, 0x0000000709400000|100%| E|CS|TAMS 0x0000000709200000| PB 0x0000000709200000| Complete 
|  16|0x0000000709400000, 0x0000000709600000, 0x0000000709600000|100%| E|CS|TAMS 0x0000000709400000| PB 0x0000000709400000| Complete 
|  17|0x0000000709600000, 0x0000000709800000, 0x0000000709800000|100%| E|CS|TAMS 0x0000000709600000| PB 0x0000000709600000| Complete 
|  18|0x0000000709800000, 0x0000000709a00000, 0x0000000709a00000|100%| E|CS|TAMS 0x0000000709800000| PB 0x0000000709800000| Complete 
|  19|0x0000000709a00000, 0x0000000709c00000, 0x0000000709c00000|100%| E|CS|TAMS 0x0000000709a00000| PB 0x0000000709a00000| Complete 
|  20|0x0000000709c00000, 0x0000000709e00000, 0x0000000709e00000|100%| E|CS|TAMS 0x0000000709c00000| PB 0x0000000709c00000| Complete 
|  21|0x0000000709e00000, 0x000000070a000000, 0x000000070a000000|100%| E|CS|TAMS 0x0000000709e00000| PB 0x0000000709e00000| Complete 
|  22|0x000000070a000000, 0x000000070a200000, 0x000000070a200000|100%| E|CS|TAMS 0x000000070a000000| PB 0x000000070a000000| Complete 
|  23|0x000000070a200000, 0x000000070a400000, 0x000000070a400000|100%| E|CS|TAMS 0x000000070a200000| PB 0x000000070a200000| Complete 
|  24|0x000000070a400000, 0x000000070a600000, 0x000000070a600000|100%| E|CS|TAMS 0x000000070a400000| PB 0x000000070a400000| Complete 
|1988|0x00000007ffc00000, 0x00000007ffd79000, 0x00000007ffe00000| 73%|OA|  |TAMS 0x00000007ffc00000| PB 0x00000007ffc00000| Untracked 
|1989|0x00000007ffe00000, 0x00000007ffe82000, 0x0000000800000000| 25%|CA|  |TAMS 0x00000007ffe00000| PB 0x00000007ffe00000| Untracked 

Card table byte_map: [0x00007f24abe74000,0x00007f24ac63a000] _byte_map_base: 0x00007f24a863a000

Marking Bits: (CMBitMap*) 0x00007f24c409a7b0
 Bits: [0x00007f24a787e000, 0x00007f24ab6ae000)

Polling page: 0x00007f24ca5ac000

Metaspace:

Usage:
  Non-class:     26.75 MB used.
      Class:      3.61 MB used.
       Both:     30.36 MB used.

Virtual space:
  Non-class space:       64.00 MB reserved,      27.00 MB ( 42%) committed,  1 nodes.
      Class space:        1.00 GB reserved,       3.88 MB ( <1%) committed,  1 nodes.
             Both:        1.06 GB reserved,      30.88 MB (  3%) committed. 

Chunk freelists:
   Non-Class:  932.00 KB
       Class:  159.00 KB
        Both:  1.07 MB

MaxMetaspaceSize: unlimited
CompressedClassSpaceSize: 1.00 GB
Initial GC threshold: 21.00 MB
Current GC threshold: 51.25 MB
CDS: on
MetaspaceReclaimPolicy: balanced
 - commit_granule_bytes: 65536.
 - commit_granule_words: 8192.
 - virtual_space_node_default_size: 8388608.
 - enlarge_chunks_in_place: 1.
 - new_chunks_are_fully_committed: 0.
 - uncommit_free_chunks: 1.
 - use_allocation_guard: 0.


Internal statistics:

num_allocs_failed_limit: 3.
num_arena_births: 876.
num_arena_deaths: 292.
num_vsnodes_births: 2.
num_vsnodes_deaths: 0.
num_space_committed: 494.
num_space_uncommitted: 0.
num_chunks_returned_to_freelist: 328.
num_chunks_taken_from_freelist: 2077.
num_chunk_merges: 84.
num_chunk_splits: 1291.
num_chunks_enlarged: 922.
num_inconsistent_stats: 0.

CodeHeap 'non-profiled nmethods': size=120028Kb used=2680Kb max_used=2680Kb free=117347Kb
 bounds [0x00007f24b48c9000, 0x00007f24b4b69000, 0x00007f24bbe00000]
CodeHeap 'profiled nmethods': size=120028Kb used=9662Kb max_used=9662Kb free=110365Kb
 bounds [0x00007f24ace00000, 0x00007f24ad770000, 0x00007f24b4337000]
CodeHeap 'non-nmethods': size=5704Kb used=1577Kb max_used=1577Kb free=4126Kb
 bounds [0x00007f24b4337000, 0x00007f24b45a7000, 0x00007f24b48c9000]
 total_blobs=5254 nmethods=4705 adapters=456
 compilation: enabled
              stopped_count=0, restarted_count=0
 full_count=0

Compilation events (20 events):
Event: 10441.290 Thread 0x00007f24c4177840 5418       3       org.springframework.context.annotation.ContextAnnotationAutowireCandidateResolver::getLazyResolutionProxyIfNecessary (19 bytes)
Event: 10441.290 Thread 0x00007f24c4177840 nmethod 5418 0x00007f24ad766090 code [0x00007f24ad766240, 0x00007f24ad7664d0]
Event: 10441.290 Thread 0x00007f24c4177840 5420       3       org.springframework.beans.factory.support.DefaultListableBeanFactory::isSelfReference (45 bytes)
Event: 10441.291 Thread 0x00007f24c4177840 nmethod 5420 0x00007f24ad766610 code [0x00007f24ad766800, 0x00007f24ad766ec0]
Event: 10441.296 Thread 0x00007f24c4177840 5423   !   3       org.springframework.context.event.EventListenerMethodProcessor::processBean (353 bytes)
Event: 10441.303 Thread 0x00007f24c4177840 nmethod 5423 0x00007f24ad767110 code [0x00007f24ad7676a0, 0x00007f24ad76a7a0]
Event: 10441.303 Thread 0x00007f24c4177840 5422       3       org.springframework.aop.framework.autoproxy.AutoProxyUtils::determineTargetClass (51 bytes)
Event: 10441.304 Thread 0x00007f24c4177840 nmethod 5422 0x00007f24ad76b910 code [0x00007f24ad76bb60, 0x00007f24ad76c828]
Event: 10441.304 Thread 0x00007f24c4177840 5424       3       org.springframework.context.event.EventListenerMethodProcessor::isSpringContainerClass (32 bytes)
Event: 10441.306 Thread 0x00007f24c4177840 nmethod 5424 0x00007f24ad76cc10 code [0x00007f24ad76ce40, 0x00007f24ad76d510]
Event: 10441.306 Thread 0x00007f24c4177840 5421       3       org.springframework.boot.context.properties.ConfigurationPropertiesBean::findAnnotation (90 bytes)
Event: 10441.307 Thread 0x00007f24c4177840 nmethod 5421 0x00007f24ad76d790 code [0x00007f24ad76da80, 0x00007f24ad76eab8]
Event: 10441.320 Thread 0x00007f24c4177840 5428       2       java.time.temporal.ValueRange::isValidValue (24 bytes)
Event: 10441.321 Thread 0x00007f24c4177840 nmethod 5428 0x00007f24ad76f010 code [0x00007f24ad76f1a0, 0x00007f24ad76f2d0]
Event: 10441.321 Thread 0x00007f24c4177840 5427       1       ch.qos.logback.core.UnsynchronizedAppenderBase::isStarted (5 bytes)
Event: 10441.321 Thread 0x00007f24c4177840 nmethod 5427 0x00007f24b4b57610 code [0x00007f24b4b57780, 0x00007f24b4b57848]
Event: 10441.323 Thread 0x00007f24c4177840 5429       2       sun.reflect.generics.reflectiveObjects.WildcardTypeImpl::getUpperBounds (34 bytes)
Event: 10441.323 Thread 0x00007f24c4177840 nmethod 5429 0x00007f24ad76f390 code [0x00007f24ad76f540, 0x00007f24ad76f818]
Event: 10441.368 Thread 0x00007f246c70a600 nmethod 5214 0x00007f24b4b57910 code [0x00007f24b4b58000, 0x00007f24b4b605e8]
Event: 10441.368 Thread 0x00007f246c70a600 5224       4       java.util.HashMap::keysToArray (81 bytes)

GC Heap History (18 events):
Event: 0.759 GC heap before
{Heap before GC invocations=0 (full 0):
 garbage-first heap   total 260096K, used 24556K [0x0000000707400000, 0x0000000800000000)
  region size 2048K, 11 young (22528K), 0 survivors (0K)
 Metaspace       used 6855K, committed 6976K, reserved 1114112K
  class space    used 789K, committed 832K, reserved 1048576K
}
Event: 0.763 GC heap after
{Heap after GC invocations=1 (full 0):
 garbage-first heap   total 260096K, used 5912K [0x0000000707400000, 0x0000000800000000)
  region size 2048K, 2 young (4096K), 2 survivors (4096K)
 Metaspace       used 6855K, committed 6976K, reserved 1114112K
  class space    used 789K, committed 832K, reserved 1048576K
}
Event: 1.685 GC heap before
{Heap before GC invocations=1 (full 0):
 garbage-first heap   total 260096K, used 55064K [0x0000000707400000, 0x0000000800000000)
  region size 2048K, 26 young (53248K), 2 survivors (4096K)
 Metaspace       used 17593K, committed 17920K, reserved 1114112K
  class space    used 2089K, committed 2240K, reserved 1048576K
}
Event: 1.692 GC heap after
{Heap after GC invocations=2 (full 0):
 garbage-first heap   total 260096K, used 10065K [0x0000000707400000, 0x0000000800000000)
  region size 2048K, 4 young (8192K), 4 survivors (8192K)
 Metaspace       used 17593K, committed 17920K, reserved 1114112K
  class space    used 2089K, committed 2240K, reserved 1048576K
}
Event: 2.205 GC heap before
{Heap before GC invocations=2 (full 0):
 garbage-first heap   total 260096K, used 26449K [0x0000000707400000, 0x0000000800000000)
  region size 2048K, 13 young (26624K), 4 survivors (8192K)
 Metaspace       used 21111K, committed 21504K, reserved 1114112K
  class space    used 2592K, committed 2816K, reserved 1048576K
}
Event: 2.212 GC heap after
{Heap after GC invocations=3 (full 0):
 garbage-first heap   total 260096K, used 11964K [0x0000000707400000, 0x0000000800000000)
  region size 2048K, 5 young (10240K), 5 survivors (10240K)
 Metaspace       used 21111K, committed 21504K, reserved 1114112K
  class space    used 2592K, committed 2816K, reserved 1048576K
}
Event: 3.011 GC heap before
{Heap before GC invocations=4 (full 0):
 garbage-first heap   total 55296K, used 52924K [0x0000000707400000, 0x0000000800000000)
  region size 2048K, 25 young (51200K), 5 survivors (10240K)
 Metaspace       used 27696K, committed 28224K, reserved 1114112K
  class space    used 3412K, committed 3648K, reserved 1048576K
}
Event: 3.020 GC heap after
{Heap after GC invocations=5 (full 0):
 garbage-first heap   total 69632K, used 14498K [0x0000000707400000, 0x0000000800000000)
  region size 2048K, 7 young (14336K), 7 survivors (14336K)
 Metaspace       used 27696K, committed 28224K, reserved 1114112K
  class space    used 3412K, committed 3648K, reserved 1048576K
}
Event: 39.423 GC heap before
{Heap before GC invocations=5 (full 0):
 garbage-first heap   total 69632K, used 30882K [0x0000000707400000, 0x0000000800000000)
  region size 2048K, 16 young (32768K), 7 survivors (14336K)
 Metaspace       used 30110K, committed 30720K, reserved 1114112K
  class space    used 3720K, committed 3968K, reserved 1048576K
}
Event: 39.457 GC heap after
{Heap after GC invocations=6 (full 1):
 garbage-first heap   total 61440K, used 14178K [0x0000000707400000, 0x0000000800000000)
  region size 2048K, 0 young (0K), 0 survivors (0K)
 Metaspace       used 30110K, committed 30720K, reserved 1114112K
  class space    used 3720K, committed 3968K, reserved 1048576K
}
Event: 41.595 GC heap before
{Heap before GC invocations=6 (full 1):
 garbage-first heap   total 61440K, used 36706K [0x0000000707400000, 0x0000000800000000)
  region size 2048K, 12 young (24576K), 0 survivors (0K)
 Metaspace       used 30465K, committed 31040K, reserved 1114112K
  class space    used 3725K, committed 3968K, reserved 1048576K
}
Event: 41.636 GC heap after
{Heap after GC invocations=7 (full 2):
 garbage-first heap   total 61440K, used 13984K [0x0000000707400000, 0x0000000800000000)
  region size 2048K, 0 young (0K), 0 survivors (0K)
 Metaspace       used 30462K, committed 31040K, reserved 1114112K
  class space    used 3724K, committed 3968K, reserved 1048576K
}
Event: 1895.892 GC heap before
{Heap before GC invocations=7 (full 2):
 garbage-first heap   total 61440K, used 44704K [0x0000000707400000, 0x0000000800000000)
  region size 2048K, 15 young (30720K), 0 survivors (0K)
 Metaspace       used 30855K, committed 31424K, reserved 1114112K
  class space    used 3726K, committed 3968K, reserved 1048576K
}
Event: 1895.897 GC heap after
{Heap after GC invocations=8 (full 2):
 garbage-first heap   total 61440K, used 16770K [0x0000000707400000, 0x0000000800000000)
  region size 2048K, 2 young (4096K), 2 survivors (4096K)
 Metaspace       used 30855K, committed 31424K, reserved 1114112K
  class space    used 3726K, committed 3968K, reserved 1048576K
}
Event: 8337.685 GC heap before
{Heap before GC invocations=8 (full 2):
 garbage-first heap   total 61440K, used 45442K [0x0000000707400000, 0x0000000800000000)
  region size 2048K, 16 young (32768K), 2 survivors (4096K)
 Metaspace       used 30903K, committed 31488K, reserved 1114112K
  class space    used 3726K, committed 3968K, reserved 1048576K
}
Event: 8337.686 GC heap after
{Heap after GC invocations=9 (full 2):
 garbage-first heap   total 61440K, used 16517K [0x0000000707400000, 0x0000000800000000)
  region size 2048K, 2 young (4096K), 2 survivors (4096K)
 Metaspace       used 30903K, committed 31488K, reserved 1114112K
  class space    used 3726K, committed 3968K, reserved 1048576K
}
Event: 10440.461 GC heap before
{Heap before GC invocations=9 (full 2):
 garbage-first heap   total 61440K, used 24709K [0x0000000707400000, 0x0000000800000000)
  region size 2048K, 7 young (14336K), 2 survivors (4096K)
 Metaspace       used 30915K, committed 31488K, reserved 1114112K
  class space    used 3727K, committed 3968K, reserved 1048576K
}
Event: 10440.536 GC heap after
{Heap after GC invocations=10 (full 3):
 garbage-first heap   total 55296K, used 12107K [0x0000000707400000, 0x0000000800000000)
  region size 2048K, 0 young (0K), 0 survivors (0K)
 Metaspace       used 30650K, committed 31488K, reserved 1114112K
  class space    used 3655K, committed 3968K, reserved 1048576K
}

Dll operation events (11 events):
Event: 0.035 Loaded shared library /usr/lib/jvm/jdk-20/lib/libjava.so
Event: 0.045 Loaded shared library /usr/lib/jvm/jdk-20/lib/libjsvml.so
Event: 0.116 Loaded shared library /usr/lib/jvm/jdk-20/lib/libzip.so
Event: 0.118 Loaded shared library /usr/lib/jvm/jdk-20/lib/libinstrument.so
Event: 0.121 Loaded shared library /usr/lib/jvm/jdk-20/lib/libnio.so
Event: 0.124 Loaded shared library /usr/lib/jvm/jdk-20/lib/libzip.so
Event: 0.180 Loaded shared library /usr/lib/jvm/jdk-20/lib/libnet.so
Event: 0.186 Loaded shared library /usr/lib/jvm/jdk-20/lib/libextnet.so
Event: 0.226 Loaded shared library /usr/lib/jvm/jdk-20/lib/libjimage.so
Event: 0.548 Loaded shared library /usr/lib/jvm/jdk-20/lib/libmanagement.so
Event: 0.550 Loaded shared library /usr/lib/jvm/jdk-20/lib/libmanagement_ext.so

Deoptimization events (20 events):
Event: 10440.947 Thread 0x00007f23f8052c00 Uncommon trap: trap_request=0xffffffbe fr.pc=0x00007f24b49591b8 relative=0x0000000000000418
Event: 10440.947 Thread 0x00007f23f8052c00 Uncommon trap: reason=profile_predicate action=maybe_recompile pc=0x00007f24b49591b8 method=java.util.HashMap.keysToArray([Ljava/lang/Object;)[Ljava/lang/Object; @ 32 c2
Event: 10440.947 Thread 0x00007f23f8052c00 DEOPT PACKING pc=0x00007f24b49591b8 sp=0x00007f2472144520
Event: 10440.947 Thread 0x00007f23f8052c00 DEOPT UNPACKING pc=0x00007f24b43a0219 sp=0x00007f24721444d0 mode 2
Event: 10441.046 Thread 0x00007f23f8052c00 Uncommon trap: trap_request=0xffffff45 fr.pc=0x00007f24b4b35b70 relative=0x0000000000001130
Event: 10441.046 Thread 0x00007f23f8052c00 Uncommon trap: reason=unstable_if action=reinterpret pc=0x00007f24b4b35b70 method=java.util.concurrent.ScheduledThreadPoolExecutor$DelayedWorkQueue.offer(Ljava/lang/Runnable;)Z @ 56 c2
Event: 10441.046 Thread 0x00007f23f8052c00 DEOPT PACKING pc=0x00007f24b4b35b70 sp=0x00007f2472146940
Event: 10441.046 Thread 0x00007f23f8052c00 DEOPT UNPACKING pc=0x00007f24b43a0219 sp=0x00007f2472146860 mode 2
Event: 10441.046 Thread 0x00007f23f8052c00 Uncommon trap: trap_request=0xffffff45 fr.pc=0x00007f24b4b34700 relative=0x0000000000000080
Event: 10441.046 Thread 0x00007f23f8052c00 Uncommon trap: reason=unstable_if action=reinterpret pc=0x00007f24b4b34700 method=java.util.concurrent.ThreadPoolExecutor.ensurePrestart()V @ 16 c2
Event: 10441.046 Thread 0x00007f23f8052c00 DEOPT PACKING pc=0x00007f24b4b34700 sp=0x00007f2472146990
Event: 10441.046 Thread 0x00007f23f8052c00 DEOPT UNPACKING pc=0x00007f24b43a0219 sp=0x00007f2472146940 mode 2
Event: 10441.111 Thread 0x00007f23f8052c00 Uncommon trap: trap_request=0xfffffff4 fr.pc=0x00007f24b4a88560 relative=0x0000000000000a20
Event: 10441.111 Thread 0x00007f23f8052c00 Uncommon trap: reason=null_check action=make_not_entrant pc=0x00007f24b4a88560 method=java.lang.Class.reflectionData()Ljava/lang/Class$ReflectionData; @ 18 c2
Event: 10441.111 Thread 0x00007f23f8052c00 DEOPT PACKING pc=0x00007f24b4a88560 sp=0x00007f2472145f60
Event: 10441.111 Thread 0x00007f23f8052c00 DEOPT UNPACKING pc=0x00007f24b43a0219 sp=0x00007f2472145bb0 mode 2
Event: 10441.313 Thread 0x00007f23f418d6e0 Uncommon trap: trap_request=0xffffff45 fr.pc=0x00007f24b4b4ac2c relative=0x000000000000032c
Event: 10441.313 Thread 0x00007f23f418d6e0 Uncommon trap: reason=unstable_if action=reinterpret pc=0x00007f24b4b4ac2c method=java.nio.channels.spi.AbstractSelector.begin()V @ 4 c2
Event: 10441.313 Thread 0x00007f23f418d6e0 DEOPT PACKING pc=0x00007f24b4b4ac2c sp=0x00007f2472dee620
Event: 10441.313 Thread 0x00007f23f418d6e0 DEOPT UNPACKING pc=0x00007f24b43a0219 sp=0x00007f2472dee5f0 mode 2

Classes loaded (20 events):
Event: 39.412 Loading class java/net/NetworkInterface$1
Event: 39.412 Loading class java/net/NetworkInterface$1 done
Event: 39.419 Loading class java/util/WeakHashMap$KeyIterator
Event: 39.419 Loading class java/util/WeakHashMap$HashIterator
Event: 39.419 Loading class java/util/WeakHashMap$HashIterator done
Event: 39.419 Loading class java/util/WeakHashMap$KeyIterator done
Event: 39.419 Loading class java/util/concurrent/locks/AbstractQueuedSynchronizer$SharedNode
Event: 39.419 Loading class java/util/concurrent/locks/AbstractQueuedSynchronizer$SharedNode done
Event: 39.421 Loading class javax/management/ObjectName$PatternProperty
Event: 39.421 Loading class javax/management/ObjectName$PatternProperty done
Event: 39.457 Loading class java/lang/ref/Finalizer$2
Event: 39.457 Loading class java/lang/ref/Finalizer$2 done
Event: 39.458 Loading class java/lang/ref/Finalizer$1
Event: 39.458 Loading class java/lang/ref/Finalizer$1 done
Event: 39.862 Loading class java/util/WeakHashMap$EntrySet
Event: 39.863 Loading class java/util/WeakHashMap$EntrySet done
Event: 39.863 Loading class java/util/WeakHashMap$EntryIterator
Event: 39.863 Loading class java/util/WeakHashMap$EntryIterator done
Event: 10441.078 Loading class java/time/DurationEditor
Event: 10441.078 Loading class java/time/DurationEditor done

Classes unloaded (20 events):
Event: 10440.483 Thread 0x00007f24c41620b0 Unloading class 0x0000000801104800 'java/lang/invoke/LambdaForm$MH+0x0000000801104800'
Event: 10440.483 Thread 0x00007f24c41620b0 Unloading class 0x000000080108d800 'java/lang/invoke/LambdaForm$MH+0x000000080108d800'
Event: 10440.483 Thread 0x00007f24c41620b0 Unloading class 0x000000080108d400 'java/lang/invoke/LambdaForm$MH+0x000000080108d400'
Event: 10440.483 Thread 0x00007f24c41620b0 Unloading class 0x000000080108d000 'java/lang/invoke/LambdaForm$MH+0x000000080108d000'
Event: 10440.483 Thread 0x00007f24c41620b0 Unloading class 0x000000080103cc00 'java/lang/invoke/LambdaForm$MH+0x000000080103cc00'
Event: 10440.483 Thread 0x00007f24c41620b0 Unloading class 0x0000000801022800 'java/lang/invoke/LambdaForm$MH+0x0000000801022800'
Event: 10440.483 Thread 0x00007f24c41620b0 Unloading class 0x0000000801021c00 'java/lang/invoke/LambdaForm$MH+0x0000000801021c00'
Event: 10440.483 Thread 0x00007f24c41620b0 Unloading class 0x0000000801021800 'java/lang/invoke/LambdaForm$MH+0x0000000801021800'
Event: 10440.483 Thread 0x00007f24c41620b0 Unloading class 0x0000000801021400 'java/lang/invoke/LambdaForm$MH+0x0000000801021400'
Event: 10440.483 Thread 0x00007f24c41620b0 Unloading class 0x0000000801020c00 'java/lang/invoke/LambdaForm$MH+0x0000000801020c00'
Event: 10440.483 Thread 0x00007f24c41620b0 Unloading class 0x0000000801020000 'java/lang/invoke/LambdaForm$MH+0x0000000801020000'
Event: 10440.483 Thread 0x00007f24c41620b0 Unloading class 0x0000000801015c00 'java/lang/invoke/LambdaForm$MH+0x0000000801015c00'
Event: 10440.483 Thread 0x00007f24c41620b0 Unloading class 0x0000000801015400 'java/lang/invoke/LambdaForm$MH+0x0000000801015400'
Event: 10440.483 Thread 0x00007f24c41620b0 Unloading class 0x0000000801014c00 'java/lang/invoke/LambdaForm$MH+0x0000000801014c00'
Event: 10440.483 Thread 0x00007f24c41620b0 Unloading class 0x0000000801014400 'java/lang/invoke/LambdaForm$MH+0x0000000801014400'
Event: 10440.483 Thread 0x00007f24c41620b0 Unloading class 0x0000000801014000 'java/lang/invoke/LambdaForm$MH+0x0000000801014000'
Event: 10440.483 Thread 0x00007f24c41620b0 Unloading class 0x0000000801002400 'java/lang/invoke/LambdaForm$MH+0x0000000801002400'
Event: 10440.484 Thread 0x00007f24c41620b0 Unloading class 0x0000000801002000 'java/lang/invoke/LambdaForm$MH+0x0000000801002000'
Event: 10440.484 Thread 0x00007f24c41620b0 Unloading class 0x0000000801001c00 'java/lang/invoke/LambdaForm$MH+0x0000000801001c00'
Event: 10440.484 Thread 0x00007f24c41620b0 Unloading class 0x0000000801001400 'java/lang/invoke/LambdaForm$MH+0x0000000801001400'

Classes redefined (0 events):
No events

Internal exceptions (20 events):
Event: 5385.048 Thread 0x00007f2408020d80 Implicit null exception at 0x00007f24b4b42fc0 to 0x00007f24b4b43278
Event: 10439.649 Thread 0x00007f24080866b0 Implicit null exception at 0x00007f24b4b11c2b to 0x00007f24b4b168d8
Event: 10440.049 Thread 0x00007f24080866b0 Implicit null exception at 0x00007f24b4b10a31 to 0x00007f24b4b10fa0
Event: 10440.459 Thread 0x00007f240808b330 Exception <a 'java/lang/InterruptedException'{0x000000070a3db290}: sleep interrupted> (0x000000070a3db290) 
thrown [open/src/hotspot/share/prims/jvm.cpp, line 3086]
Event: 10440.538 Thread 0x00007f23f8052c00 Implicit null exception at 0x00007f24b49a8bab to 0x00007f24b49a9010
Event: 10440.541 Thread 0x00007f23f8052c00 Implicit null exception at 0x00007f24b4a43980 to 0x00007f24b4a43a50
Event: 10440.546 Thread 0x00007f23f8052c00 Implicit null exception at 0x00007f24b4a68f8b to 0x00007f24b4a692c4
Event: 10440.555 Thread 0x00007f23f8052c00 Exception <a 'sun/nio/fs/UnixException'{0x000000070a493a80}> (0x000000070a493a80) 
thrown [open/src/hotspot/share/prims/jni.cpp, line 519]
Event: 10440.608 Thread 0x00007f23f8052c00 Implicit null exception at 0x00007f24b4a31ca0 to 0x00007f24b4a349c0
Event: 10440.611 Thread 0x00007f23f8052c00 Implicit null exception at 0x00007f24b4977b40 to 0x00007f24b49788e8
Event: 10440.611 Thread 0x00007f23f8052c00 Implicit null exception at 0x00007f24b4923e2b to 0x00007f24b4925044
Event: 10440.822 Thread 0x00007f23f8052c00 Implicit null exception at 0x00007f24b49029a0 to 0x00007f24b49038a0
Event: 10440.828 Thread 0x00007f23f8052c00 Implicit null exception at 0x00007f24b4a8e14b to 0x00007f24b4a8e8b8
Event: 10440.922 Thread 0x00007f23f8052c00 Exception <a 'java/lang/NoClassDefFoundError'{0x000000070985e5d0}: org/flywaydb/core/Flyway> (0x000000070985e5d0) 
thrown [open/src/hotspot/share/oops/constantPool.cpp, line 848]
Event: 10440.922 Thread 0x00007f23f8052c00 Exception <a 'java/lang/NoClassDefFoundError'{0x000000070985ec30}: liquibase/integration/spring/SpringLiquibase> (0x000000070985ec30) 
thrown [open/src/hotspot/share/oops/constantPool.cpp, line 848]
Event: 10440.962 Thread 0x00007f23f8052c00 Exception <a 'java/lang/NoSuchMethodError'{0x00000007099d9690}: 'void java.lang.invoke.DelegatingMethodHandle$Holder.reinvoke_L(java.lang.Object, java.lang.Object, int)'> (0x00000007099d9690) 
thrown [open/src/hotspot/share/interpreter/linkResolver.cpp, line 772]
Event: 10441.005 Thread 0x00007f23f8052c00 Exception <a 'java/lang/NoSuchMethodError'{0x00000007097b62e8}: 'int java.lang.invoke.DirectMethodHandle$Holder.invokeVirtual(java.lang.Object, java.lang.Object, java.lang.Object, java.lang.Object)'> (0x00000007097b62e8) 
thrown [open/src/hotspot/share/interpreter/linkResolver.cpp, line 772]
Event: 10441.005 Thread 0x00007f23f8052c00 Exception <a 'java/lang/NoSuchMethodError'{0x00000007097b98b0}: 'int java.lang.invoke.DelegatingMethodHandle$Holder.reinvoke_L(java.lang.Object, java.lang.Object, java.lang.Object, java.lang.Object)'> (0x00000007097b98b0) 
thrown [open/src/hotspot/share/interpreter/linkResolver.cpp, line 772]
Event: 10441.045 Thread 0x00007f23f8052c00 Exception <a 'java/io/FileNotFoundException'{0x0000000709579dc0}> (0x0000000709579dc0) 
thrown [open/src/hotspot/share/prims/jni.cpp, line 519]
Event: 10441.111 Thread 0x00007f23f8052c00 Implicit null exception at 0x00007f24b4a87d0b to 0x00007f24b4a88534

VM Operations (20 events):
Event: 3693.075 Executing VM operation: Cleanup
Event: 3693.075 Executing VM operation: Cleanup done
Event: 4012.105 Executing VM operation: Cleanup
Event: 4012.105 Executing VM operation: Cleanup done
Event: 4292.133 Executing VM operation: Cleanup
Event: 4292.133 Executing VM operation: Cleanup done
Event: 4412.145 Executing VM operation: Cleanup
Event: 4412.145 Executing VM operation: Cleanup done
Event: 7327.419 Executing VM operation: Cleanup
Event: 7327.419 Executing VM operation: Cleanup done
Event: 7329.419 Executing VM operation: Cleanup
Event: 7329.419 Executing VM operation: Cleanup done
Event: 8337.685 Executing VM operation: G1CollectForAllocation
Event: 8337.686 Executing VM operation: G1CollectForAllocation done
Event: 9452.753 Executing VM operation: Cleanup
Event: 9452.753 Executing VM operation: Cleanup done
Event: 10440.461 Executing VM operation: G1CollectFull
Event: 10440.536 Executing VM operation: G1CollectFull done
Event: 10441.221 Executing VM operation: ICBufferFull
Event: 10441.222 Executing VM operation: ICBufferFull done

Events (20 events):
Event: 10441.311 Protecting memory [0x00007f2471d49000,0x00007f2471d4d000] with protection modes 0
Event: 10441.311 Protecting memory [0x00007f2472449000,0x00007f247244d000] with protection modes 0
Event: 10441.311 Thread 0x00007f23f4184d10 Thread added: 0x00007f23f4184d10
Event: 10441.311 Protecting memory [0x00007f24736fe000,0x00007f2473702000] with protection modes 0
Event: 10441.311 Thread 0x00007f23f4185bc0 Thread added: 0x00007f23f4185bc0
Event: 10441.311 Protecting memory [0x00007f2471e49000,0x00007f2471e4d000] with protection modes 0
Event: 10441.311 Thread 0x00007f23f4186a60 Thread added: 0x00007f23f4186a60
Event: 10441.312 Protecting memory [0x00007f2472ff4000,0x00007f2472ff8000] with protection modes 0
Event: 10441.312 Thread 0x00007f23f41879f0 Thread added: 0x00007f23f41879f0
Event: 10441.312 Protecting memory [0x00007f24739fe000,0x00007f2473a02000] with protection modes 0
Event: 10441.312 Thread 0x00007f23f4188990 Thread added: 0x00007f23f4188990
Event: 10441.312 Protecting memory [0x00007f24738fe000,0x00007f2473902000] with protection modes 0
Event: 10441.312 Thread 0x00007f23f4189930 Thread added: 0x00007f23f4189930
Event: 10441.312 Protecting memory [0x00007f2471f49000,0x00007f2471f4d000] with protection modes 0
Event: 10441.312 Thread 0x00007f23f418d6e0 Thread added: 0x00007f23f418d6e0
Event: 10441.313 Protecting memory [0x00007f2472cf0000,0x00007f2472cf4000] with protection modes 0
Event: 10441.313 Thread 0x00007f23f418e480 Thread added: 0x00007f23f418e480
Event: 10441.313 Protecting memory [0x00007f2472849000,0x00007f247284d000] with protection modes 0
Event: 10441.323 Thread 0x00007f2454001be0 Thread exited: 0x00007f2454001be0
Event: 10441.323 Thread 0x00007f23f8052c00 Thread exited: 0x00007f23f8052c00


Dynamic libraries:
707400000-70a600000 rw-p 00000000 00:00 0 
70a600000-7ffc00000 ---p 00000000 00:00 0 
7ffc00000-7ffd00000 rw-p 00000000 00:00 0 
7ffd00000-7ffd79000 rw-p 00d32000 08:12 6988546                          /usr/lib/jvm/jdk-20/lib/server/classes.jsa
7ffd79000-7ffe00000 rw-p 00000000 00:00 0 
7ffe00000-7ffe82000 rw-p 00cb0000 08:12 6988546                          /usr/lib/jvm/jdk-20/lib/server/classes.jsa
7ffe82000-800000000 rw-p 00000000 00:00 0 
800000000-800480000 rw-p 00001000 08:12 6988546                          /usr/lib/jvm/jdk-20/lib/server/classes.jsa
800480000-800c73000 r--p 00481000 08:12 6988546                          /usr/lib/jvm/jdk-20/lib/server/classes.jsa
800c73000-801000000 ---p 00000000 00:00 0 
801000000-801040000 rw-p 00000000 00:00 0 
801040000-8010c0000 rw-p 00000000 00:00 0 
8010c0000-801100000 rw-p 00000000 00:00 0 
801100000-8012f0000 rw-p 00000000 00:00 0 
8012f0000-801300000 ---p 00000000 00:00 0 
801300000-8013f0000 rw-p 00000000 00:00 0 
8013f0000-841000000 ---p 00000000 00:00 0 
560bd44ca000-560bd44cb000 r-xp 00000000 08:12 6988660                    /usr/lib/jvm/jdk-20/bin/java
560bd44cc000-560bd44cd000 r--p 00001000 08:12 6988660                    /usr/lib/jvm/jdk-20/bin/java
560bd44cd000-560bd44ce000 rw-p 00002000 08:12 6988660                    /usr/lib/jvm/jdk-20/bin/java
560bd591c000-560bd5962000 rw-p 00000000 00:00 0                          [heap]
7f23e0000000-7f23e0021000 rw-p 00000000 00:00 0 
7f23e0021000-7f23e4000000 ---p 00000000 00:00 0 
7f23e4000000-7f23e4021000 rw-p 00000000 00:00 0 
7f23e4021000-7f23e8000000 ---p 00000000 00:00 0 
7f23e8000000-7f23e8460000 rw-p 00000000 00:00 0 
7f23e8460000-7f23ec000000 ---p 00000000 00:00 0 
7f23ec000000-7f23ec021000 rw-p 00000000 00:00 0 
7f23ec021000-7f23f0000000 ---p 00000000 00:00 0 
7f23f0000000-7f23f119d000 rw-p 00000000 00:00 0 
7f23f119d000-7f23f4000000 ---p 00000000 00:00 0 
7f23f4000000-7f23f419a000 rw-p 00000000 00:00 0 
7f23f419a000-7f23f8000000 ---p 00000000 00:00 0 
7f23f8000000-7f23f8487000 rw-p 00000000 00:00 0 
7f23f8487000-7f23fc000000 ---p 00000000 00:00 0 
7f23fc000000-7f23fc021000 rw-p 00000000 00:00 0 
7f23fc021000-7f2400000000 ---p 00000000 00:00 0 
7f2400000000-7f240003a000 rw-p 00000000 00:00 0 
7f240003a000-7f2404000000 ---p 00000000 00:00 0 
7f2404000000-7f2405020000 rw-p 00000000 00:00 0 
7f2405020000-7f2408000000 ---p 00000000 00:00 0 
7f2408000000-7f24080fc000 rw-p 00000000 00:00 0 
7f24080fc000-7f240c000000 ---p 00000000 00:00 0 
7f240c000000-7f240c038000 rw-p 00000000 00:00 0 
7f240c038000-7f2410000000 ---p 00000000 00:00 0 
7f2410000000-7f2410021000 rw-p 00000000 00:00 0 
7f2410021000-7f2414000000 ---p 00000000 00:00 0 
7f2414000000-7f2414021000 rw-p 00000000 00:00 0 
7f2414021000-7f2418000000 ---p 00000000 00:00 0 
7f2418000000-7f24186d7000 rw-p 00000000 00:00 0 
7f24186d7000-7f241c000000 ---p 00000000 00:00 0 
7f241c000000-7f241cc7c000 rw-p 00000000 00:00 0 
7f241cc7c000-7f2420000000 ---p 00000000 00:00 0 
7f2420000000-7f2420021000 rw-p 00000000 00:00 0 
7f2420021000-7f2424000000 ---p 00000000 00:00 0 
7f2424000000-7f2424044000 rw-p 00000000 00:00 0 
7f2424044000-7f2428000000 ---p 00000000 00:00 0 
7f2428000000-7f2428021000 rw-p 00000000 00:00 0 
7f2428021000-7f242c000000 ---p 00000000 00:00 0 
7f242c000000-7f242c021000 rw-p 00000000 00:00 0 
7f242c021000-7f2430000000 ---p 00000000 00:00 0 
7f2430000000-7f2430021000 rw-p 00000000 00:00 0 
7f2430021000-7f2434000000 ---p 00000000 00:00 0 
7f2434000000-7f24341c8000 rw-p 00000000 00:00 0 
7f24341c8000-7f2438000000 ---p 00000000 00:00 0 
7f2438000000-7f2438021000 rw-p 00000000 00:00 0 
7f2438021000-7f243c000000 ---p 00000000 00:00 0 
7f243c000000-7f243c021000 rw-p 00000000 00:00 0 
7f243c021000-7f2440000000 ---p 00000000 00:00 0 
7f2440000000-7f2440021000 rw-p 00000000 00:00 0 
7f2440021000-7f2444000000 ---p 00000000 00:00 0 
7f2444000000-7f2444021000 rw-p 00000000 00:00 0 
7f2444021000-7f2448000000 ---p 00000000 00:00 0 
7f2448000000-7f2448021000 rw-p 00000000 00:00 0 
7f2448021000-7f244c000000 ---p 00000000 00:00 0 
7f244c000000-7f244ca68000 rw-p 00000000 00:00 0 
7f244ca68000-7f2450000000 ---p 00000000 00:00 0 
7f2450000000-7f2450a7c000 rw-p 00000000 00:00 0 
7f2450a7c000-7f2454000000 ---p 00000000 00:00 0 
7f2454000000-7f2454b7a000 rw-p 00000000 00:00 0 
7f2454b7a000-7f2458000000 ---p 00000000 00:00 0 
7f2458000000-7f2458021000 rw-p 00000000 00:00 0 
7f2458021000-7f245c000000 ---p 00000000 00:00 0 
7f245c000000-7f245c021000 rw-p 00000000 00:00 0 
7f245c021000-7f2460000000 ---p 00000000 00:00 0 
7f2460000000-7f2460021000 rw-p 00000000 00:00 0 
7f2460021000-7f2464000000 ---p 00000000 00:00 0 
7f2464000000-7f2464021000 rw-p 00000000 00:00 0 
7f2464021000-7f2468000000 ---p 00000000 00:00 0 
7f2468000000-7f2468bd6000 rw-p 00000000 00:00 0 
7f2468bd6000-7f246c000000 ---p 00000000 00:00 0 
7f246c000000-7f246d54f000 rw-p 00000000 00:00 0 
7f246d54f000-7f2470000000 ---p 00000000 00:00 0 
7f24719bc000-7f2471c49000 rw-p 00000000 00:00 0 
7f2471c49000-7f2471c4d000 ---p 00000000 00:00 0 
7f2471c4d000-7f2471d49000 rw-p 00000000 00:00 0 
7f2471d49000-7f2471d4d000 ---p 00000000 00:00 0 
7f2471d4d000-7f2471e49000 rw-p 00000000 00:00 0 
7f2471e49000-7f2471e4d000 ---p 00000000 00:00 0 
7f2471e4d000-7f2471f49000 rw-p 00000000 00:00 0 
7f2471f49000-7f2471f4d000 ---p 00000000 00:00 0 
7f2471f4d000-7f2472049000 rw-p 00000000 00:00 0 
7f2472049000-7f247204d000 ---p 00000000 00:00 0 
7f247204d000-7f2472149000 rw-p 00000000 00:00 0 
7f2472149000-7f247214d000 ---p 00000000 00:00 0 
7f247214d000-7f2472249000 rw-p 00000000 00:00 0 
7f2472249000-7f247224d000 ---p 00000000 00:00 0 
7f247224d000-7f2472349000 rw-p 00000000 00:00 0 
7f2472349000-7f247234d000 ---p 00000000 00:00 0 
7f247234d000-7f2472449000 rw-p 00000000 00:00 0 
7f2472449000-7f247244d000 ---p 00000000 00:00 0 
7f247244d000-7f2472549000 rw-p 00000000 00:00 0 
7f2472549000-7f247254d000 ---p 00000000 00:00 0 
7f247254d000-7f2472649000 rw-p 00000000 00:00 0 
7f2472649000-7f247264d000 ---p 00000000 00:00 0 
7f247264d000-7f2472749000 rw-p 00000000 00:00 0 
7f2472749000-7f247274d000 ---p 00000000 00:00 0 
7f247274d000-7f2472849000 rw-p 00000000 00:00 0 
7f2472849000-7f247284d000 ---p 00000000 00:00 0 
7f247284d000-7f2472949000 rw-p 00000000 00:00 0 
7f2472949000-7f247294d000 ---p 00000000 00:00 0 
7f247294d000-7f2472a49000 rw-p 00000000 00:00 0 
7f2472a49000-7f2472a4d000 ---p 00000000 00:00 0 
7f2472a4d000-7f2472b49000 rw-p 00000000 00:00 0 
7f2472b49000-7f2472b4a000 ---p 00000000 00:00 0 
7f2472b4a000-7f2472c4b000 rw-p 00000000 00:00 0 
7f2472cf0000-7f2472cf4000 ---p 00000000 00:00 0 
7f2472cf4000-7f2472df0000 rw-p 00000000 00:00 0 
7f2472df0000-7f2472df1000 ---p 00000000 00:00 0 
7f2472df1000-7f2472ef2000 rw-p 00000000 00:00 0 
7f2472ef2000-7f2472ef3000 ---p 00000000 00:00 0 
7f2472ef3000-7f2472ff4000 rw-p 00000000 00:00 0 
7f2472ff4000-7f2472ff8000 ---p 00000000 00:00 0 
7f2472ff8000-7f24730f4000 rw-p 00000000 00:00 0 
7f24730f4000-7f24730f8000 ---p 00000000 00:00 0 
7f24730f8000-7f24731f4000 rw-p 00000000 00:00 0 
7f24731f4000-7f24731f5000 ---p 00000000 00:00 0 
7f24731f5000-7f24732f6000 rw-p 00000000 00:00 0 
7f24732f6000-7f24732f7000 ---p 00000000 00:00 0 
7f24732f7000-7f24733f8000 rw-p 00000000 00:00 0 
7f24733f8000-7f24733f9000 ---p 00000000 00:00 0 
7f24733f9000-7f24734fa000 rw-p 00000000 00:00 0 
7f24734fa000-7f24734fb000 ---p 00000000 00:00 0 
7f24734fb000-7f24735fc000 rw-p 00000000 00:00 0 
7f24735fc000-7f24735fd000 ---p 00000000 00:00 0 
7f24735fd000-7f24736fe000 rw-p 00000000 00:00 0 
7f24736fe000-7f2473702000 ---p 00000000 00:00 0 
7f2473702000-7f24737fe000 rw-p 00000000 00:00 0 
7f24737fe000-7f2473802000 ---p 00000000 00:00 0 
7f2473802000-7f24738fe000 rw-p 00000000 00:00 0 
7f24738fe000-7f2473902000 ---p 00000000 00:00 0 
7f2473902000-7f24739fe000 rw-p 00000000 00:00 0 
7f24739fe000-7f2473a02000 ---p 00000000 00:00 0 
7f2473a02000-7f2473afe000 rw-p 00000000 00:00 0 
7f2473afe000-7f2473aff000 ---p 00000000 00:00 0 
7f2473aff000-7f2473c00000 rw-p 00000000 00:00 0 
7f2473c00000-7f2473c04000 ---p 00000000 00:00 0 
7f2473c04000-7f2473d00000 rw-p 00000000 00:00 0 
7f2473d00000-7f2473d04000 ---p 00000000 00:00 0 
7f2473d04000-7f2473e00000 rw-p 00000000 00:00 0 
7f2473e00000-7f2473e04000 ---p 00000000 00:00 0 
7f2473e04000-7f2473f00000 rw-p 00000000 00:00 0 
7f2473f00000-7f2473f04000 ---p 00000000 00:00 0 
7f2473f04000-7f2474000000 rw-p 00000000 00:00 0 
7f2474000000-7f2474021000 rw-p 00000000 00:00 0 
7f2474021000-7f2478000000 ---p 00000000 00:00 0 
7f2478000000-7f2478021000 rw-p 00000000 00:00 0 
7f2478021000-7f247c000000 ---p 00000000 00:00 0 
7f247c000000-7f247c021000 rw-p 00000000 00:00 0 
7f247c021000-7f2480000000 ---p 00000000 00:00 0 
7f2480000000-7f2480021000 rw-p 00000000 00:00 0 
7f2480021000-7f2484000000 ---p 00000000 00:00 0 
7f2484000000-7f2484644000 rw-p 00000000 00:00 0 
7f2484644000-7f2488000000 ---p 00000000 00:00 0 
7f2488000000-7f2488021000 rw-p 00000000 00:00 0 
7f2488021000-7f248c000000 ---p 00000000 00:00 0 
7f248c000000-7f248c400000 rw-p 00000000 00:00 0 
7f248c400000-7f248ce00000 rw-p 00000000 00:00 0 
7f248ce00000-7f248d300000 rw-p 00000000 00:00 0 
7f248d300000-7f248d400000 rw-p 00000000 00:00 0 
7f248d400000-7f248d700000 rw-p 00000000 00:00 0 
7f248d700000-7f248d7e0000 rw-p 00000000 00:00 0 
7f248d7e0000-7f248d800000 ---p 00000000 00:00 0 
7f248d800000-7f248db20000 rw-p 00000000 00:00 0 
7f248db20000-7f2490000000 ---p 00000000 00:00 0 
7f2490000000-7f2490021000 rw-p 00000000 00:00 0 
7f2490021000-7f2494000000 ---p 00000000 00:00 0 
7f2494000000-7f2494021000 rw-p 00000000 00:00 0 
7f2494021000-7f2498000000 ---p 00000000 00:00 0 
7f2498000000-7f2498021000 rw-p 00000000 00:00 0 
7f2498021000-7f249c000000 ---p 00000000 00:00 0 
7f249c000000-7f249c021000 rw-p 00000000 00:00 0 
7f249c021000-7f24a0000000 ---p 00000000 00:00 0 
7f24a0000000-7f24a0021000 rw-p 00000000 00:00 0 
7f24a0021000-7f24a4000000 ---p 00000000 00:00 0 
7f24a4000000-7f24a4004000 ---p 00000000 00:00 0 
7f24a4004000-7f24a4100000 rw-p 00000000 00:00 0 
7f24a4100000-7f24a4104000 ---p 00000000 00:00 0 
7f24a4104000-7f24a4200000 rw-p 00000000 00:00 0 
7f24a4200000-7f24a4204000 ---p 00000000 00:00 0 
7f24a4204000-7f24a4300000 rw-p 00000000 00:00 0 
7f24a4300000-7f24a4304000 ---p 00000000 00:00 0 
7f24a4304000-7f24a4400000 rw-p 00000000 00:00 0 
7f24a4400000-7f24a4404000 ---p 00000000 00:00 0 
7f24a4404000-7f24a4500000 rw-p 00000000 00:00 0 
7f24a4500000-7f24a4504000 ---p 00000000 00:00 0 
7f24a4504000-7f24a4600000 rw-p 00000000 00:00 0 
7f24a4600000-7f24a4b73000 r--p 00000000 08:12 6684789                    /usr/lib/locale/locale-archive
7f24a4b9e000-7f24a4b9f000 ---p 00000000 00:00 0 
7f24a4b9f000-7f24a4ca0000 rw-p 00000000 00:00 0 
7f24a4ca0000-7f24a4d6e000 r-xp 00000000 08:12 6706103                    /usr/lib/jvm/jdk-20/lib/libjsvml.so
7f24a4d6e000-7f24a4d6f000 r--p 000cd000 08:12 6706103                    /usr/lib/jvm/jdk-20/lib/libjsvml.so
7f24a4d6f000-7f24a4d70000 rw-p 000ce000 08:12 6706103                    /usr/lib/jvm/jdk-20/lib/libjsvml.so
7f24a4d70000-7f24a4d71000 ---p 00000000 00:00 0 
7f24a4d71000-7f24a4e72000 rw-p 00000000 00:00 0 
7f24a4e72000-7f24a4e73000 ---p 00000000 00:00 0 
7f24a4e73000-7f24a777c000 rw-p 00000000 00:00 0 
7f24a777c000-7f24a777d000 ---p 00000000 00:00 0 
7f24a777d000-7f24a7946000 rw-p 00000000 00:00 0 
7f24a7946000-7f24ab69e000 ---p 00000000 00:00 0 
7f24ab69e000-7f24ab6c7000 rw-p 00000000 00:00 0 
7f24ab6c7000-7f24abe72000 ---p 00000000 00:00 0 
7f24abe72000-7f24abe8d000 rw-p 00000000 00:00 0 
7f24abe8d000-7f24ac638000 ---p 00000000 00:00 0 
7f24ac638000-7f24ac653000 rw-p 00000000 00:00 0 
7f24ac653000-7f24acdfe000 ---p 00000000 00:00 0 
7f24acdfe000-7f24ace00000 rw-p 00000000 00:00 0 
7f24ace00000-7f24ad770000 rwxp 00000000 00:00 0 
7f24ad770000-7f24b4337000 ---p 00000000 00:00 0 
7f24b4337000-7f24b45a7000 rwxp 00000000 00:00 0 
7f24b45a7000-7f24b48c9000 ---p 00000000 00:00 0 
7f24b48c9000-7f24b4b69000 rwxp 00000000 00:00 0 
7f24b4b69000-7f24bbe00000 ---p 00000000 00:00 0 
7f24bbe00000-7f24c3f20000 r--s 00000000 08:12 6706090                    /usr/lib/jvm/jdk-20/lib/modules
7f24c3f7f000-7f24c4000000 rw-p 00000000 00:00 0 
7f24c4000000-7f24c4525000 rw-p 00000000 00:00 0 
7f24c4525000-7f24c8000000 ---p 00000000 00:00 0 
7f24c8001000-7f24c809d000 rw-p 00000000 00:00 0 
7f24c809d000-7f24c809e000 ---p 00000000 00:00 0 
7f24c809e000-7f24c819f000 rw-p 00000000 00:00 0 
7f24c819f000-7f24c81a0000 ---p 00000000 00:00 0 
7f24c81a0000-7f24c8b30000 rw-p 00000000 00:00 0 
7f24c8b30000-7f24c8c15000 ---p 00000000 00:00 0 
7f24c8c15000-7f24c8c28000 rw-p 00000000 00:00 0 
7f24c8c28000-7f24c8d00000 ---p 00000000 00:00 0 
7f24c8d00000-7f24c8d04000 ---p 00000000 00:00 0 
7f24c8d04000-7f24c8e00000 rw-p 00000000 00:00 0 
7f24c8e00000-7f24ca01b000 r-xp 00000000 08:12 6988547                    /usr/lib/jvm/jdk-20/lib/server/libjvm.so
7f24ca01b000-7f24ca0e5000 r--p 0121a000 08:12 6988547                    /usr/lib/jvm/jdk-20/lib/server/libjvm.so
7f24ca0e5000-7f24ca11a000 rw-p 012e4000 08:12 6988547                    /usr/lib/jvm/jdk-20/lib/server/libjvm.so
7f24ca11a000-7f24ca179000 rw-p 00000000 00:00 0 
7f24ca1a9000-7f24ca1b0000 r--s 00000000 08:12 8133093                    /usr/lib/x86_64-linux-gnu/gconv/gconv-modules.cache
7f24ca1b0000-7f24ca1b6000 r-xp 00000000 08:12 6706062                    /usr/lib/jvm/jdk-20/lib/libmanagement_ext.so
7f24ca1b6000-7f24ca1b7000 r--p 00005000 08:12 6706062                    /usr/lib/jvm/jdk-20/lib/libmanagement_ext.so
7f24ca1b7000-7f24ca1b8000 rw-p 00006000 08:12 6706062                    /usr/lib/jvm/jdk-20/lib/libmanagement_ext.so
7f24ca1b8000-7f24ca1bc000 r-xp 00000000 08:12 6706080                    /usr/lib/jvm/jdk-20/lib/libmanagement.so
7f24ca1bc000-7f24ca1bd000 r--p 00003000 08:12 6706080                    /usr/lib/jvm/jdk-20/lib/libmanagement.so
7f24ca1bd000-7f24ca1be000 rw-p 00004000 08:12 6706080                    /usr/lib/jvm/jdk-20/lib/libmanagement.so
7f24ca1be000-7f24ca1ca000 r-xp 00000000 08:12 6706074                    /usr/lib/jvm/jdk-20/lib/libnet.so
7f24ca1ca000-7f24ca1cb000 r--p 0000b000 08:12 6706074                    /usr/lib/jvm/jdk-20/lib/libnet.so
7f24ca1cb000-7f24ca1cc000 rw-p 0000c000 08:12 6706074                    /usr/lib/jvm/jdk-20/lib/libnet.so
7f24ca1cc000-7f24ca1df000 r-xp 00000000 08:12 6706075                    /usr/lib/jvm/jdk-20/lib/libnio.so
7f24ca1df000-7f24ca1e0000 ---p 00013000 08:12 6706075                    /usr/lib/jvm/jdk-20/lib/libnio.so
7f24ca1e0000-7f24ca1e1000 r--p 00013000 08:12 6706075                    /usr/lib/jvm/jdk-20/lib/libnio.so
7f24ca1e1000-7f24ca1e2000 rw-p 00014000 08:12 6706075                    /usr/lib/jvm/jdk-20/lib/libnio.so
7f24ca1e2000-7f24ca1e9000 r-xp 00000000 08:12 6706072                    /usr/lib/jvm/jdk-20/lib/libzip.so
7f24ca1e9000-7f24ca1ea000 ---p 00007000 08:12 6706072                    /usr/lib/jvm/jdk-20/lib/libzip.so
7f24ca1ea000-7f24ca1eb000 r--p 00007000 08:12 6706072                    /usr/lib/jvm/jdk-20/lib/libzip.so
7f24ca1eb000-7f24ca1ec000 rw-p 00008000 08:12 6706072                    /usr/lib/jvm/jdk-20/lib/libzip.so
7f24ca1ec000-7f24ca1f1000 rw-p 00000000 00:00 0 
7f24ca1f1000-7f24ca1f8000 ---p 00000000 00:00 0 
7f24ca1f8000-7f24ca200000 rw-s 00000000 08:12 6565148                    /tmp/hsperfdata_prakhar/8540
7f24ca200000-7f24ca228000 r--p 00000000 08:12 6686846                    /usr/lib/x86_64-linux-gnu/libc.so.6
7f24ca228000-7f24ca3bd000 r-xp 00028000 08:12 6686846                    /usr/lib/x86_64-linux-gnu/libc.so.6
7f24ca3bd000-7f24ca415000 r--p 001bd000 08:12 6686846                    /usr/lib/x86_64-linux-gnu/libc.so.6
7f24ca415000-7f24ca419000 r--p 00214000 08:12 6686846                    /usr/lib/x86_64-linux-gnu/libc.so.6
7f24ca419000-7f24ca41b000 rw-p 00218000 08:12 6686846                    /usr/lib/x86_64-linux-gnu/libc.so.6
7f24ca41b000-7f24ca428000 rw-p 00000000 00:00 0 
7f24ca42b000-7f24ca451000 r-xp 00000000 08:12 6706067                    /usr/lib/jvm/jdk-20/lib/libjava.so
7f24ca451000-7f24ca452000 ---p 00026000 08:12 6706067                    /usr/lib/jvm/jdk-20/lib/libjava.so
7f24ca452000-7f24ca453000 r--p 00026000 08:12 6706067                    /usr/lib/jvm/jdk-20/lib/libjava.so
7f24ca453000-7f24ca454000 rw-p 00027000 08:12 6706067                    /usr/lib/jvm/jdk-20/lib/libjava.so
7f24ca454000-7f24ca455000 rw-p 00000000 00:00 0 
7f24ca455000-7f24ca470000 r-xp 00000000 08:12 6706084                    /usr/lib/jvm/jdk-20/lib/libjimage.so
7f24ca470000-7f24ca471000 ---p 0001b000 08:12 6706084                    /usr/lib/jvm/jdk-20/lib/libjimage.so
7f24ca471000-7f24ca473000 r--p 0001b000 08:12 6706084                    /usr/lib/jvm/jdk-20/lib/libjimage.so
7f24ca473000-7f24ca474000 rw-p 0001d000 08:12 6706084                    /usr/lib/jvm/jdk-20/lib/libjimage.so
7f24ca474000-7f24ca482000 r--p 00000000 08:12 6686854                    /usr/lib/x86_64-linux-gnu/libm.so.6
7f24ca482000-7f24ca4fe000 r-xp 0000e000 08:12 6686854                    /usr/lib/x86_64-linux-gnu/libm.so.6
7f24ca4fe000-7f24ca559000 r--p 0008a000 08:12 6686854                    /usr/lib/x86_64-linux-gnu/libm.so.6
7f24ca559000-7f24ca55a000 r--p 000e4000 08:12 6686854                    /usr/lib/x86_64-linux-gnu/libm.so.6
7f24ca55a000-7f24ca55b000 rw-p 000e5000 08:12 6686854                    /usr/lib/x86_64-linux-gnu/libm.so.6
7f24ca55b000-7f24ca55c000 r--p 00000000 08:12 6686886                    /usr/lib/x86_64-linux-gnu/librt.so.1
7f24ca55c000-7f24ca55d000 r-xp 00001000 08:12 6686886                    /usr/lib/x86_64-linux-gnu/librt.so.1
7f24ca55d000-7f24ca55e000 r--p 00002000 08:12 6686886                    /usr/lib/x86_64-linux-gnu/librt.so.1
7f24ca55e000-7f24ca55f000 r--p 00002000 08:12 6686886                    /usr/lib/x86_64-linux-gnu/librt.so.1
7f24ca55f000-7f24ca560000 rw-p 00003000 08:12 6686886                    /usr/lib/x86_64-linux-gnu/librt.so.1
7f24ca560000-7f24ca564000 rw-p 00000000 00:00 0 
7f24ca564000-7f24ca565000 r--p 00000000 08:12 6686850                    /usr/lib/x86_64-linux-gnu/libdl.so.2
7f24ca565000-7f24ca566000 r-xp 00001000 08:12 6686850                    /usr/lib/x86_64-linux-gnu/libdl.so.2
7f24ca566000-7f24ca567000 r--p 00002000 08:12 6686850                    /usr/lib/x86_64-linux-gnu/libdl.so.2
7f24ca567000-7f24ca568000 r--p 00002000 08:12 6686850                    /usr/lib/x86_64-linux-gnu/libdl.so.2
7f24ca568000-7f24ca569000 rw-p 00003000 08:12 6686850                    /usr/lib/x86_64-linux-gnu/libdl.so.2
7f24ca569000-7f24ca56a000 r--p 00000000 08:12 6686881                    /usr/lib/x86_64-linux-gnu/libpthread.so.0
7f24ca56a000-7f24ca56b000 r-xp 00001000 08:12 6686881                    /usr/lib/x86_64-linux-gnu/libpthread.so.0
7f24ca56b000-7f24ca56c000 r--p 00002000 08:12 6686881                    /usr/lib/x86_64-linux-gnu/libpthread.so.0
7f24ca56c000-7f24ca56d000 r--p 00002000 08:12 6686881                    /usr/lib/x86_64-linux-gnu/libpthread.so.0
7f24ca56d000-7f24ca56e000 rw-p 00003000 08:12 6686881                    /usr/lib/x86_64-linux-gnu/libpthread.so.0
7f24ca56e000-7f24ca57c000 r-xp 00000000 08:12 6706065                    /usr/lib/jvm/jdk-20/lib/libjli.so
7f24ca57c000-7f24ca57d000 ---p 0000e000 08:12 6706065                    /usr/lib/jvm/jdk-20/lib/libjli.so
7f24ca57d000-7f24ca57e000 r--p 0000e000 08:12 6706065                    /usr/lib/jvm/jdk-20/lib/libjli.so
7f24ca57e000-7f24ca57f000 rw-p 0000f000 08:12 6706065                    /usr/lib/jvm/jdk-20/lib/libjli.so
7f24ca57f000-7f24ca581000 r--p 00000000 08:12 6687037                    /usr/lib/x86_64-linux-gnu/libz.so.1.2.11
7f24ca581000-7f24ca592000 r-xp 00002000 08:12 6687037                    /usr/lib/x86_64-linux-gnu/libz.so.1.2.11
7f24ca592000-7f24ca598000 r--p 00013000 08:12 6687037                    /usr/lib/x86_64-linux-gnu/libz.so.1.2.11
7f24ca598000-7f24ca599000 ---p 00019000 08:12 6687037                    /usr/lib/x86_64-linux-gnu/libz.so.1.2.11
7f24ca599000-7f24ca59a000 r--p 00019000 08:12 6687037                    /usr/lib/x86_64-linux-gnu/libz.so.1.2.11
7f24ca59a000-7f24ca59b000 rw-p 0001a000 08:12 6687037                    /usr/lib/x86_64-linux-gnu/libz.so.1.2.11
7f24ca59c000-7f24ca59e000 r-xp 00000000 08:12 6706060                    /usr/lib/jvm/jdk-20/lib/libextnet.so
7f24ca59e000-7f24ca59f000 r--p 00001000 08:12 6706060                    /usr/lib/jvm/jdk-20/lib/libextnet.so
7f24ca59f000-7f24ca5a0000 rw-p 00002000 08:12 6706060                    /usr/lib/jvm/jdk-20/lib/libextnet.so
7f24ca5a0000-7f24ca5aa000 r-xp 00000000 08:12 6706066                    /usr/lib/jvm/jdk-20/lib/libinstrument.so
7f24ca5aa000-7f24ca5ab000 r--p 00009000 08:12 6706066                    /usr/lib/jvm/jdk-20/lib/libinstrument.so
7f24ca5ab000-7f24ca5ac000 rw-p 0000a000 08:12 6706066                    /usr/lib/jvm/jdk-20/lib/libinstrument.so
7f24ca5ac000-7f24ca5ad000 ---p 00000000 00:00 0 
7f24ca5ad000-7f24ca5ae000 r--p 00000000 00:00 0 
7f24ca5ae000-7f24ca5b0000 rw-p 00000000 00:00 0 
7f24ca5b0000-7f24ca5b2000 r--p 00000000 08:12 6686838                    /usr/lib/x86_64-linux-gnu/ld-linux-x86-64.so.2
7f24ca5b2000-7f24ca5dc000 r-xp 00002000 08:12 6686838                    /usr/lib/x86_64-linux-gnu/ld-linux-x86-64.so.2
7f24ca5dc000-7f24ca5e7000 r--p 0002c000 08:12 6686838                    /usr/lib/x86_64-linux-gnu/ld-linux-x86-64.so.2
7f24ca5e7000-7f24ca5e8000 ---p 00000000 00:00 0 
7f24ca5e8000-7f24ca5ea000 r--p 00037000 08:12 6686838                    /usr/lib/x86_64-linux-gnu/ld-linux-x86-64.so.2
7f24ca5ea000-7f24ca5ec000 rw-p 00039000 08:12 6686838                    /usr/lib/x86_64-linux-gnu/ld-linux-x86-64.so.2
7ffd82f4f000-7ffd82f71000 rw-p 00000000 00:00 0                          [stack]
7ffd82fbf000-7ffd82fc3000 r--p 00000000 00:00 0                          [vvar]
7ffd82fc3000-7ffd82fc5000 r-xp 00000000 00:00 0                          [vdso]
ffffffffff600000-ffffffffff601000 --xp 00000000 00:00 0                  [vsyscall]


VM Arguments:
jvm_args: -javaagent:/snap/intellij-idea-community/427/lib/idea_rt.jar=40925:/snap/intellij-idea-community/427/bin -Dfile.encoding=UTF-8 -Dsun.stdout.encoding=UTF-8 -Dsun.stderr.encoding=UTF-8 
java_command: com.luv2code.springboot.demo.mycoolapp.MycoolappApplication
java_class_path (initial): /home/prakhar/dev-spring-boot/mycoolapp/target/classes:/home/prakhar/.m2/repository/org/springframework/boot/spring-boot-starter-web/3.0.5/spring-boot-starter-web-3.0.5.jar:/home/prakhar/.m2/repository/org/springframework/boot/spring-boot-starter/3.0.5/spring-boot-starter-3.0.5.jar:/home/prakhar/.m2/repository/org/springframework/boot/spring-boot-starter-logging/3.0.5/spring-boot-starter-logging-3.0.5.jar:/home/prakhar/.m2/repository/ch/qos/logback/logback-classic/1.4.6/logback-classic-1.4.6.jar:/home/prakhar/.m2/repository/ch/qos/logback/logback-core/1.4.6/logback-core-1.4.6.jar:/home/prakhar/.m2/repository/org/apache/logging/log4j/log4j-to-slf4j/2.19.0/log4j-to-slf4j-2.19.0.jar:/home/prakhar/.m2/repository/org/apache/logging/log4j/log4j-api/2.19.0/log4j-api-2.19.0.jar:/home/prakhar/.m2/repository/org/slf4j/jul-to-slf4j/2.0.7/jul-to-slf4j-2.0.7.jar:/home/prakhar/.m2/repository/jakarta/annotation/jakarta.annotation-api/2.1.1/jakarta.annotation-api-2.1.1.jar:/home/prakhar/.m2/repository/org/yaml/snakeyaml/1.33/snakeyaml-1.33.jar:/home/prakhar/.m2/repository/org/springframework/boot/spring-boot-starter-json/3.0.5/spring-boot-starter-json-3.0.5.jar:/home/prakhar/.m2/repository/com/fasterxml/jackson/core/jackson-databind/2.14.2/jackson-databind-2.14.2.jar:/home/prakhar/.m2/repository/com/fasterxml/jackson/core/jackson-annotations/2.14.2/jackson-annotations-2.14.2.jar:/home/prakhar/.m2/repository/com/fasterxml/jackson/core/jackson-core/2.14.2/jackson-core-2.14.2.jar:/home/prakhar/.m2/repository/com/fasterxml/jackson/datatype/jackson-datatype-jdk8/2.14.2/jackson-datatype-jdk8-2.14.2.jar:/home/prakhar/.m2/repository/com/fasterxml/jackson/datatype/jackson-datatype-jsr310/2.14.2/jackson-datatype-jsr310-2.14.2.jar:/home/prakhar/.m2/repository/com/fasterxml/jackson/module/jackson-module-parameter-names/2.14.2/jackson-module-parameter-names-2.14.2.jar:/home/prakhar/.m2/repository/org/springframework/boot/spring-boot-starter-tomcat/3.0.5/spring-boot-starter-tomcat-3.0.5.jar:/home/prakhar/.m2/repository/org/apache/tomcat/embed/tomcat-embed-core/10.1.7/tomcat-embed-core-10.1.7.jar:/home/prakhar/.m2/repository/org/apache/tomcat/embed/tomcat-embed-el/10.1.7/tomcat-embed-el-10.1.7.jar:/home/prakhar/.m2/repository/org/apache/tomcat/embed/tomcat-embed-websocket/10.1.7/tomcat-embed-websocket-10.1.7.jar:/home/prakhar/.m2/repository/org/springframework/spring-web/6.0.7/spring-web-6.0.7.jar:/home/prakhar/.m2/repository/org/springframework/spring-beans/6.0.7/spring-beans-6.0.7.jar:/home/prakhar/.m2/repository/io/micrometer/micrometer-observation/1.10.5/micrometer-observation-1.10.5.jar:/home/prakhar/.m2/repository/io/micrometer/micrometer-commons/1.10.5/micrometer-commons-1.10.5.jar:/home/prakhar/.m2/repository/org/springframework/spring-webmvc/6.0.7/spring-webmvc-6.0.7.jar:/home/prakhar/.m2/repository/org/springframework/spring-aop/6.0.7/spring-aop-6.0.7.jar:/home/prakhar/.m2/repository/org/springframework/spring-context/6.0.7/spring-context-6.0.7.jar:/home/prakhar/.m2/repository/org/springframework/spring-expression/6.0.7/spring-expression-6.0.7.jar:/home/prakhar/.m2/repository/org/slf4j/slf4j-api/2.0.7/slf4j-api-2.0.7.jar:/home/prakhar/.m2/repository/org/springframework/spring-core/6.0.7/spring-core-6.0.7.jar:/home/prakhar/.m2/repository/org/springframework/spring-jcl/6.0.7/spring-jcl-6.0.7.jar:/home/prakhar/.m2/repository/org/springframework/boot/spring-boot-devtools/3.0.5/spring-boot-devtools-3.0.5.jar:/home/prakhar/.m2/repository/org/springframework/boot/spring-boot/3.0.5/spring-boot-3.0.5.jar:/home/prakhar/.m2/repository/org/springframework/boot/spring-boot-autoconfigure/3.0.5/spring-boot-autoconfigure-3.0.5.jar
Launcher Type: SUN_STANDARD

[Global flags]
     intx CICompilerCount                          = 4                                         {product} {ergonomic}
     uint ConcGCThreads                            = 2                                         {product} {ergonomic}
     uint G1ConcRefinementThreads                  = 8                                         {product} {ergonomic}
   size_t G1HeapRegionSize                         = 2097152                                   {product} {ergonomic}
    uintx GCDrainStackTargetSize                   = 64                                        {product} {ergonomic}
   size_t InitialHeapSize                          = 262144000                                 {product} {ergonomic}
   size_t MarkStackSize                            = 4194304                                   {product} {ergonomic}
   size_t MaxHeapSize                              = 4173332480                                {product} {ergonomic}
   size_t MaxNewSize                               = 2503999488                                {product} {ergonomic}
   size_t MinHeapDeltaBytes                        = 2097152                                   {product} {ergonomic}
   size_t MinHeapSize                              = 8388608                                   {product} {ergonomic}
    uintx NonNMethodCodeHeapSize                   = 5839372                                {pd product} {ergonomic}
    uintx NonProfiledCodeHeapSize                  = 122909434                              {pd product} {ergonomic}
    uintx ProfiledCodeHeapSize                     = 122909434                              {pd product} {ergonomic}
    uintx ReservedCodeCacheSize                    = 251658240                              {pd product} {ergonomic}
     bool SegmentedCodeCache                       = true                                      {product} {ergonomic}
   size_t SoftMaxHeapSize                          = 4173332480                             {manageable} {ergonomic}
     bool UseCompressedClassPointers               = true                           {product lp64_product} {ergonomic}
     bool UseCompressedOops                        = true                           {product lp64_product} {ergonomic}
     bool UseG1GC                                  = true                                      {product} {ergonomic}

Logging:
Log output configuration:
 #0: stdout all=warning uptime,level,tags foldmultilines=false
 #1: stderr all=off uptime,level,tags foldmultilines=false

Environment Variables:
PATH=/usr/local/sbin:/usr/local/bin:/usr/sbin:/usr/bin:/sbin:/bin:/usr/games:/usr/local/games:/snap/bin:/snap/bin
USERNAME=prakhar
SHELL=/usr/bin/zsh
DISPLAY=:0
LANG=en_IN

Active Locale:
LC_ALL=en_IN
LC_COLLATE=en_IN
LC_CTYPE=en_IN
LC_MESSAGES=en_IN
LC_MONETARY=en_IN
LC_NUMERIC=en_IN
LC_TIME=en_IN

Signal Handlers:
   SIGSEGV: crash_handler in libjvm.so, mask=11100100010111111101111111111110, flags=SA_RESTART|SA_SIGINFO, unblocked
    SIGBUS: crash_handler in libjvm.so, mask=11100100010111111101111111111110, flags=SA_RESTART|SA_SIGINFO, unblocked
    SIGFPE: crash_handler in libjvm.so, mask=11100100010111111101111111111110, flags=SA_RESTART|SA_SIGINFO, unblocked
   SIGPIPE: javaSignalHandler in libjvm.so, mask=11100100010111111101111111111110, flags=SA_RESTART|SA_SIGINFO, blocked
   SIGXFSZ: javaSignalHandler in libjvm.so, mask=11100100010111111101111111111110, flags=SA_RESTART|SA_SIGINFO, blocked
    SIGILL: crash_handler in libjvm.so, mask=11100100010111111101111111111110, flags=SA_RESTART|SA_SIGINFO, unblocked
   SIGUSR2: SR_handler in libjvm.so, mask=00100000000000000000000000000000, flags=SA_RESTART|SA_SIGINFO, blocked
    SIGHUP: UserHandler in libjvm.so, mask=11100100010111111101111111111110, flags=SA_RESTART|SA_SIGINFO, blocked
    SIGINT: UserHandler in libjvm.so, mask=11100100010111111101111111111110, flags=SA_RESTART|SA_SIGINFO, blocked
   SIGTERM: UserHandler in libjvm.so, mask=11100100010111111101111111111110, flags=SA_RESTART|SA_SIGINFO, blocked
   SIGQUIT: UserHandler in libjvm.so, mask=11100100010111111101111111111110, flags=SA_RESTART|SA_SIGINFO, blocked
   SIGTRAP: crash_handler in libjvm.so, mask=11100100010111111101111111111110, flags=SA_RESTART|SA_SIGINFO, unblocked


---------------  S Y S T E M  ---------------

OS:
DISTRIB_ID=Ubuntu
DISTRIB_RELEASE=22.04
DISTRIB_CODENAME=jammy
DISTRIB_DESCRIPTION="Ubuntu 22.04.2 LTS"
uname: Linux 5.19.0-38-generic #39~22.04.1-Ubuntu SMP PREEMPT_DYNAMIC Fri Mar 17 21:16:15 UTC 2 x86_64
OS uptime: 0 days 3:45 hours
libc: glibc 2.35 NPTL 2.35 
rlimit (soft/hard): STACK 8192k/infinity , CORE 0k/infinity , NPROC 63358/63358 , NOFILE 1048576/1048576 , AS infinity/infinity , CPU infinity/infinity , DATA infinity/infinity , FSIZE infinity/infinity , MEMLOCK 2037412k/2037412k
load average: 6.39 6.10 3.88

/proc/meminfo:
MemTotal:       16299304 kB
MemFree:         4876736 kB
MemAvailable:   10945108 kB
Buffers:          385936 kB
Cached:          6398616 kB
SwapCached:            0 kB
Active:          2661592 kB
Inactive:        7620428 kB
Active(anon):      25692 kB
Inactive(anon):  4091408 kB
Active(file):    2635900 kB
Inactive(file):  3529020 kB
Unevictable:      467216 kB
Mlocked:              32 kB
SwapTotal:       2097148 kB
SwapFree:        2097148 kB
Zswap:                 0 kB
Zswapped:              0 kB
Dirty:              1008 kB
Writeback:             0 kB
AnonPages:       3964464 kB
Mapped:          1379120 kB
Shmem:            631852 kB
KReclaimable:     243972 kB
Slab:             471424 kB
SReclaimable:     243972 kB
SUnreclaim:       227452 kB
KernelStack:       16320 kB
PageTables:        38816 kB
NFS_Unstable:          0 kB
Bounce:                0 kB
WritebackTmp:          0 kB
CommitLimit:    10246800 kB
Committed_AS:   10306460 kB
VmallocTotal:   34359738367 kB
VmallocUsed:       84464 kB
VmallocChunk:          0 kB
Percpu:            10144 kB
HardwareCorrupted:     0 kB
AnonHugePages:         0 kB
ShmemHugePages:        0 kB
ShmemPmdMapped:        0 kB
FileHugePages:         0 kB
FilePmdMapped:         0 kB
HugePages_Total:       0
HugePages_Free:        0
HugePages_Rsvd:        0
HugePages_Surp:        0
Hugepagesize:       2048 kB
Hugetlb:               0 kB
DirectMap4k:      431416 kB
DirectMap2M:    12066816 kB
DirectMap1G:     4194304 kB

/sys/kernel/mm/transparent_hugepage/enabled: always [madvise] never
/sys/kernel/mm/transparent_hugepage/defrag (defrag/compaction efforts parameter): always defer defer+madvise [madvise] never

Process Memory:
Virtual Size: 8953076K (peak: 8954540K)
Resident Set Size: 264668K (peak: 264668K) (anon: 235732K, file: 28936K, shmem: 0K)
Swapped out: 0K
C-Heap outstanding allocations: 87831K, retained: 72464K
glibc malloc tunables: (default)

/proc/sys/kernel/threads-max (system-wide limit on the number of threads): 126716
/proc/sys/vm/max_map_count (maximum number of memory map areas a process may have): 65530
/proc/sys/kernel/pid_max (system-wide limit on number of process identifiers): 4194304

container (cgroup) information:
container_type: cgroupv2
cpu_cpuset_cpus: not supported
cpu_memory_nodes: not supported
active_processor_count: 8
cpu_quota: not supported
cpu_period: not supported
cpu_shares: not supported
memory_limit_in_bytes: unlimited
memory_and_swap_limit_in_bytes: unlimited
memory_soft_limit_in_bytes: unlimited
memory_usage_in_bytes: 3739868 k
memory_max_usage_in_bytes: not supported
memory_swap_current_in_bytes: unlimited
memory_swap_max_limit_in_bytes: unlimited
maximum number of tasks: 19007
current number of tasks: 215

Steal ticks since vm start: 0
Steal ticks percentage since vm start:  0.000

CPU: total 8 (initial active 8) (4 cores per cpu, 2 threads per core) family 6 model 142 stepping 10 microcode 0xf0, cx8, cmov, fxsr, ht, mmx, 3dnowpref, sse, sse2, sse3, ssse3, sse4.1, sse4.2, popcnt, lzcnt, tsc, tscinvbit, avx, avx2, aes, erms, clmul, bmi1, bmi2, adx, fma, vzeroupper, clflush, clflushopt, rdtscp, f16c
CPU Model and flags from /proc/cpuinfo:
model name	: Intel(R) Core(TM) i5-8250U CPU @ 1.60GHz
flags		: fpu vme de pse tsc msr pae mce cx8 apic sep mtrr pge mca cmov pat pse36 clflush dts acpi mmx fxsr sse sse2 ss ht tm pbe syscall nx pdpe1gb rdtscp lm constant_tsc art arch_perfmon pebs bts rep_good nopl xtopology nonstop_tsc cpuid aperfmperf pni pclmulqdq dtes64 monitor ds_cpl est tm2 ssse3 sdbg fma cx16 xtpr pdcm pcid sse4_1 sse4_2 x2apic movbe popcnt tsc_deadline_timer aes xsave avx f16c rdrand lahf_lm abm 3dnowprefetch cpuid_fault epb invpcid_single pti ssbd ibrs ibpb stibp fsgsbase tsc_adjust bmi1 avx2 smep bmi2 erms invpcid mpx rdseed adx smap clflushopt intel_pt xsaveopt xsavec xgetbv1 xsaves dtherm ida arat pln pts hwp hwp_notify hwp_act_window hwp_epp md_clear flush_l1d arch_capabilities

Online cpus: 0-7
Offline cpus: 
BIOS frequency limitation: <Not Available>
Frequency switch latency (ns): 0
Available cpu frequencies: <Not Available>
Current governor: powersave
Core performance/turbo boost: <Not Available>

Memory: 4k page, physical 16299304k(4876736k free), swap 2097148k(2097148k free)
Page Sizes: 4k

vm_info: Java HotSpot(TM) 64-Bit Server VM (20+36-2344) for linux-amd64 JRE (20+36-2344), built on 2023-02-10T19:30:15Z by "mach5one" with gcc 11.2.0

END.
